<?xml version="1.0" encoding="UTF-8" ?>
<testsuite tests="117" failures="0" name="com.thoughtworks.xstream.io.json.JsonWriterFormatTest" time="0.283" errors="0" skipped="0">
  <properties>
    <property name="java.runtime.name" value="Java(TM) SE Runtime Environment"/>
    <property name="sun.boot.library.path" value="/cvmfs/ebsw.hpc2n.umu.se/amd64_ubuntu1604_common/software/Core/Java/1.8.0_202/jre/lib/amd64"/>
    <property name="java.vm.version" value="25.202-b08"/>
    <property name="java.vm.vendor" value="Oracle Corporation"/>
    <property name="java.vendor.url" value="http://java.oracle.com/"/>
    <property name="path.separator" value=":"/>
    <property name="java.vm.name" value="Java HotSpot(TM) 64-Bit Server VM"/>
    <property name="file.encoding.pkg" value="sun.io"/>
    <property name="user.country" value="US"/>
    <property name="sun.java.launcher" value="SUN_STANDARD"/>
    <property name="sun.os.patch.level" value="unknown"/>
    <property name="java.vm.specification.name" value="Java Virtual Machine Specification"/>
    <property name="user.dir" value="/scratch/dginelli/workspace/repairnator-repairnator-experiments-x-stream-xstream-263700209-20170812-015812_bugonly-firstCommit/xstream"/>
    <property name="java.runtime.version" value="1.8.0_202-b08"/>
    <property name="java.awt.graphicsenv" value="sun.awt.X11GraphicsEnvironment"/>
    <property name="basedir" value="/scratch/dginelli/workspace/repairnator-repairnator-experiments-x-stream-xstream-263700209-20170812-015812_bugonly-firstCommit/xstream"/>
    <property name="java.endorsed.dirs" value="/cvmfs/ebsw.hpc2n.umu.se/amd64_ubuntu1604_common/software/Core/Java/1.8.0_202/jre/lib/endorsed"/>
    <property name="os.arch" value="amd64"/>
    <property name="surefire.real.class.path" value="/tmp/surefirebooter1235984500577681510.jar"/>
    <property name="java.io.tmpdir" value="/tmp"/>
    <property name="line.separator" value="
"/>
    <property name="java.vm.specification.vendor" value="Oracle Corporation"/>
    <property name="os.name" value="Linux"/>
    <property name="sun.jnu.encoding" value="UTF-8"/>
    <property name="java.library.path" value="/hpc2n/eb/software/Core/Maven/3.6.0/lib:/hpc2n/eb/software/Core/Java/1.8.0_202/lib:/usr/java/packages/lib/amd64:/usr/lib64:/lib64:/lib:/usr/lib"/>
    <property name="surefire.test.class.path" value="/scratch/dginelli/workspace/repairnator-repairnator-experiments-x-stream-xstream-263700209-20170812-015812_bugonly-firstCommit/xstream/target/test-classes:/scratch/dginelli/workspace/repairnator-repairnator-experiments-x-stream-xstream-263700209-20170812-015812_bugonly-firstCommit/xstream/target/classes:/scratch/dginelli/workspace/repairnator-repairnator-experiments-x-stream-xstream-263700209-20170812-015812_bugonly-firstCommit/.m2/dom4j/dom4j/1.6.1/dom4j-1.6.1.jar:/scratch/dginelli/workspace/repairnator-repairnator-experiments-x-stream-xstream-263700209-20170812-015812_bugonly-firstCommit/.m2/org/jdom/jdom/1.1.3/jdom-1.1.3.jar:/scratch/dginelli/workspace/repairnator-repairnator-experiments-x-stream-xstream-263700209-20170812-015812_bugonly-firstCommit/.m2/org/jdom/jdom2/2.0.5/jdom2-2.0.5.jar:/scratch/dginelli/workspace/repairnator-repairnator-experiments-x-stream-xstream-263700209-20170812-015812_bugonly-firstCommit/.m2/joda-time/joda-time/1.6/joda-time-1.6.jar:/scratch/dginelli/workspace/repairnator-repairnator-experiments-x-stream-xstream-263700209-20170812-015812_bugonly-firstCommit/.m2/stax/stax/1.2.0/stax-1.2.0.jar:/scratch/dginelli/workspace/repairnator-repairnator-experiments-x-stream-xstream-263700209-20170812-015812_bugonly-firstCommit/.m2/org/codehaus/woodstox/wstx-asl/3.2.7/wstx-asl-3.2.7.jar:/scratch/dginelli/workspace/repairnator-repairnator-experiments-x-stream-xstream-263700209-20170812-015812_bugonly-firstCommit/.m2/stax/stax-api/1.0.1/stax-api-1.0.1.jar:/scratch/dginelli/workspace/repairnator-repairnator-experiments-x-stream-xstream-263700209-20170812-015812_bugonly-firstCommit/.m2/xom/xom/1.1/xom-1.1.jar:/scratch/dginelli/workspace/repairnator-repairnator-experiments-x-stream-xstream-263700209-20170812-015812_bugonly-firstCommit/.m2/xmlpull/xmlpull/1.1.3.1/xmlpull-1.1.3.1.jar:/scratch/dginelli/workspace/repairnator-repairnator-experiments-x-stream-xstream-263700209-20170812-015812_bugonly-firstCommit/.m2/net/sf/kxml/kxml2-min/2.3.0/kxml2-min-2.3.0.jar:/scratch/dginelli/workspace/repairnator-repairnator-experiments-x-stream-xstream-263700209-20170812-015812_bugonly-firstCommit/.m2/net/sf/kxml/kxml2/2.3.0/kxml2-2.3.0.jar:/scratch/dginelli/workspace/repairnator-repairnator-experiments-x-stream-xstream-263700209-20170812-015812_bugonly-firstCommit/.m2/xpp3/xpp3_min/1.1.4c/xpp3_min-1.1.4c.jar:/scratch/dginelli/workspace/repairnator-repairnator-experiments-x-stream-xstream-263700209-20170812-015812_bugonly-firstCommit/.m2/cglib/cglib-nodep/2.2/cglib-nodep-2.2.jar:/scratch/dginelli/workspace/repairnator-repairnator-experiments-x-stream-xstream-263700209-20170812-015812_bugonly-firstCommit/.m2/org/codehaus/jettison/jettison/1.2/jettison-1.2.jar:/scratch/dginelli/workspace/repairnator-repairnator-experiments-x-stream-xstream-263700209-20170812-015812_bugonly-firstCommit/.m2/junit/junit/3.8.1/junit-3.8.1.jar:/scratch/dginelli/workspace/repairnator-repairnator-experiments-x-stream-xstream-263700209-20170812-015812_bugonly-firstCommit/.m2/jmock/jmock/1.0.1/jmock-1.0.1.jar:/scratch/dginelli/workspace/repairnator-repairnator-experiments-x-stream-xstream-263700209-20170812-015812_bugonly-firstCommit/.m2/org/json/json/20080701/json-20080701.jar:/scratch/dginelli/workspace/repairnator-repairnator-experiments-x-stream-xstream-263700209-20170812-015812_bugonly-firstCommit/.m2/com/megginson/sax/xml-writer/0.2/xml-writer-0.2.jar:/scratch/dginelli/workspace/repairnator-repairnator-experiments-x-stream-xstream-263700209-20170812-015812_bugonly-firstCommit/.m2/oro/oro/2.0.8/oro-2.0.8.jar:/scratch/dginelli/workspace/repairnator-repairnator-experiments-x-stream-xstream-263700209-20170812-015812_bugonly-firstCommit/.m2/commons-lang/commons-lang/2.4/commons-lang-2.4.jar:"/>
    <property name="java.specification.name" value="Java Platform API Specification"/>
    <property name="java.class.version" value="52.0"/>
    <property name="sun.management.compiler" value="HotSpot 64-Bit Tiered Compilers"/>
    <property name="os.version" value="4.15.0-76-generic"/>
    <property name="user.home" value="/home/d/dginelli"/>
    <property name="user.timezone" value="Europe/Stockholm"/>
    <property name="java.awt.printerjob" value="sun.print.PSPrinterJob"/>
    <property name="file.encoding" value="UTF-8"/>
    <property name="java.specification.version" value="1.8"/>
    <property name="user.name" value="dginelli"/>
    <property name="java.class.path" value="/scratch/dginelli/workspace/repairnator-repairnator-experiments-x-stream-xstream-263700209-20170812-015812_bugonly-firstCommit/xstream/target/test-classes:/scratch/dginelli/workspace/repairnator-repairnator-experiments-x-stream-xstream-263700209-20170812-015812_bugonly-firstCommit/xstream/target/classes:/scratch/dginelli/workspace/repairnator-repairnator-experiments-x-stream-xstream-263700209-20170812-015812_bugonly-firstCommit/.m2/dom4j/dom4j/1.6.1/dom4j-1.6.1.jar:/scratch/dginelli/workspace/repairnator-repairnator-experiments-x-stream-xstream-263700209-20170812-015812_bugonly-firstCommit/.m2/org/jdom/jdom/1.1.3/jdom-1.1.3.jar:/scratch/dginelli/workspace/repairnator-repairnator-experiments-x-stream-xstream-263700209-20170812-015812_bugonly-firstCommit/.m2/org/jdom/jdom2/2.0.5/jdom2-2.0.5.jar:/scratch/dginelli/workspace/repairnator-repairnator-experiments-x-stream-xstream-263700209-20170812-015812_bugonly-firstCommit/.m2/joda-time/joda-time/1.6/joda-time-1.6.jar:/scratch/dginelli/workspace/repairnator-repairnator-experiments-x-stream-xstream-263700209-20170812-015812_bugonly-firstCommit/.m2/stax/stax/1.2.0/stax-1.2.0.jar:/scratch/dginelli/workspace/repairnator-repairnator-experiments-x-stream-xstream-263700209-20170812-015812_bugonly-firstCommit/.m2/org/codehaus/woodstox/wstx-asl/3.2.7/wstx-asl-3.2.7.jar:/scratch/dginelli/workspace/repairnator-repairnator-experiments-x-stream-xstream-263700209-20170812-015812_bugonly-firstCommit/.m2/stax/stax-api/1.0.1/stax-api-1.0.1.jar:/scratch/dginelli/workspace/repairnator-repairnator-experiments-x-stream-xstream-263700209-20170812-015812_bugonly-firstCommit/.m2/xom/xom/1.1/xom-1.1.jar:/scratch/dginelli/workspace/repairnator-repairnator-experiments-x-stream-xstream-263700209-20170812-015812_bugonly-firstCommit/.m2/xmlpull/xmlpull/1.1.3.1/xmlpull-1.1.3.1.jar:/scratch/dginelli/workspace/repairnator-repairnator-experiments-x-stream-xstream-263700209-20170812-015812_bugonly-firstCommit/.m2/net/sf/kxml/kxml2-min/2.3.0/kxml2-min-2.3.0.jar:/scratch/dginelli/workspace/repairnator-repairnator-experiments-x-stream-xstream-263700209-20170812-015812_bugonly-firstCommit/.m2/net/sf/kxml/kxml2/2.3.0/kxml2-2.3.0.jar:/scratch/dginelli/workspace/repairnator-repairnator-experiments-x-stream-xstream-263700209-20170812-015812_bugonly-firstCommit/.m2/xpp3/xpp3_min/1.1.4c/xpp3_min-1.1.4c.jar:/scratch/dginelli/workspace/repairnator-repairnator-experiments-x-stream-xstream-263700209-20170812-015812_bugonly-firstCommit/.m2/cglib/cglib-nodep/2.2/cglib-nodep-2.2.jar:/scratch/dginelli/workspace/repairnator-repairnator-experiments-x-stream-xstream-263700209-20170812-015812_bugonly-firstCommit/.m2/org/codehaus/jettison/jettison/1.2/jettison-1.2.jar:/scratch/dginelli/workspace/repairnator-repairnator-experiments-x-stream-xstream-263700209-20170812-015812_bugonly-firstCommit/.m2/junit/junit/3.8.1/junit-3.8.1.jar:/scratch/dginelli/workspace/repairnator-repairnator-experiments-x-stream-xstream-263700209-20170812-015812_bugonly-firstCommit/.m2/jmock/jmock/1.0.1/jmock-1.0.1.jar:/scratch/dginelli/workspace/repairnator-repairnator-experiments-x-stream-xstream-263700209-20170812-015812_bugonly-firstCommit/.m2/org/json/json/20080701/json-20080701.jar:/scratch/dginelli/workspace/repairnator-repairnator-experiments-x-stream-xstream-263700209-20170812-015812_bugonly-firstCommit/.m2/com/megginson/sax/xml-writer/0.2/xml-writer-0.2.jar:/scratch/dginelli/workspace/repairnator-repairnator-experiments-x-stream-xstream-263700209-20170812-015812_bugonly-firstCommit/.m2/oro/oro/2.0.8/oro-2.0.8.jar:/scratch/dginelli/workspace/repairnator-repairnator-experiments-x-stream-xstream-263700209-20170812-015812_bugonly-firstCommit/.m2/commons-lang/commons-lang/2.4/commons-lang-2.4.jar:"/>
    <property name="java.vm.specification.version" value="1.8"/>
    <property name="sun.arch.data.model" value="64"/>
    <property name="java.home" value="/cvmfs/ebsw.hpc2n.umu.se/amd64_ubuntu1604_common/software/Core/Java/1.8.0_202/jre"/>
    <property name="sun.java.command" value="/tmp/surefirebooter1235984500577681510.jar /tmp/surefire5142903943183461017tmp /tmp/surefire7657603176022356454tmp"/>
    <property name="java.specification.vendor" value="Oracle Corporation"/>
    <property name="user.language" value="en"/>
    <property name="awt.toolkit" value="sun.awt.X11.XToolkit"/>
    <property name="java.vm.info" value="mixed mode"/>
    <property name="java.version" value="1.8.0_202"/>
    <property name="java.ext.dirs" value="/cvmfs/ebsw.hpc2n.umu.se/amd64_ubuntu1604_common/software/Core/Java/1.8.0_202/jre/lib/ext:/usr/java/packages/lib/ext"/>
    <property name="sun.boot.class.path" value="/cvmfs/ebsw.hpc2n.umu.se/amd64_ubuntu1604_common/software/Core/Java/1.8.0_202/jre/lib/resources.jar:/cvmfs/ebsw.hpc2n.umu.se/amd64_ubuntu1604_common/software/Core/Java/1.8.0_202/jre/lib/rt.jar:/cvmfs/ebsw.hpc2n.umu.se/amd64_ubuntu1604_common/software/Core/Java/1.8.0_202/jre/lib/sunrsasign.jar:/cvmfs/ebsw.hpc2n.umu.se/amd64_ubuntu1604_common/software/Core/Java/1.8.0_202/jre/lib/jsse.jar:/cvmfs/ebsw.hpc2n.umu.se/amd64_ubuntu1604_common/software/Core/Java/1.8.0_202/jre/lib/jce.jar:/cvmfs/ebsw.hpc2n.umu.se/amd64_ubuntu1604_common/software/Core/Java/1.8.0_202/jre/lib/charsets.jar:/cvmfs/ebsw.hpc2n.umu.se/amd64_ubuntu1604_common/software/Core/Java/1.8.0_202/jre/lib/jfr.jar:/cvmfs/ebsw.hpc2n.umu.se/amd64_ubuntu1604_common/software/Core/Java/1.8.0_202/jre/classes"/>
    <property name="java.vendor" value="Oracle Corporation"/>
    <property name="java.awt.headless" value="true"/>
    <property name="localRepository" value="/scratch/dginelli/workspace/repairnator-repairnator-experiments-x-stream-xstream-263700209-20170812-015812_bugonly-firstCommit/.m2"/>
    <property name="file.separator" value="/"/>
    <property name="java.vendor.url.bug" value="http://bugreport.sun.com/bugreport/"/>
    <property name="sun.cpu.endian" value="little"/>
    <property name="sun.io.unicode.encoding" value="UnicodeLittle"/>
    <property name="sun.cpu.isalist" value=""/>
  </properties>
  <testcase classname="com.thoughtworks.xstream.io.json.JsonWriterFormatTest" name="optimizedMinimalString" time="0"/>
  <testcase classname="com.thoughtworks.xstream.io.json.JsonWriterFormatTest" name="optimizedMinimalCharSequenceArray" time="0.001"/>
  <testcase classname="com.thoughtworks.xstream.io.json.JsonWriterFormatTest" name="optimizedMinimalCharSequenceArray+ID" time="0.003"/>
  <testcase classname="com.thoughtworks.xstream.io.json.JsonWriterFormatTest" name="optimizedMinimalEmptyStringArray" time="0"/>
  <testcase classname="com.thoughtworks.xstream.io.json.JsonWriterFormatTest" name="optimizedMinimalEmptyStringArray+ID" time="0.001"/>
  <testcase classname="com.thoughtworks.xstream.io.json.JsonWriterFormatTest" name="optimizedMinimalProperties" time="0"/>
  <testcase classname="com.thoughtworks.xstream.io.json.JsonWriterFormatTest" name="optimizedMinimalObject" time="0"/>
  <testcase classname="com.thoughtworks.xstream.io.json.JsonWriterFormatTest" name="optimizedMinimalAttributeOnly" time="0"/>
  <testcase classname="com.thoughtworks.xstream.io.json.JsonWriterFormatTest" name="optimizedMinimalX" time="0.001"/>
  <testcase classname="com.thoughtworks.xstream.io.json.JsonWriterFormatTest" name="optimizedMinimalEmptyX" time="0"/>
  <testcase classname="com.thoughtworks.xstream.io.json.JsonWriterFormatTest" name="optimizedMinimalCollections" time="0"/>
  <testcase classname="com.thoughtworks.xstream.io.json.JsonWriterFormatTest" name="optimizedMinimalEmptyList" time="0"/>
  <testcase classname="com.thoughtworks.xstream.io.json.JsonWriterFormatTest" name="optimizedMinimalCustomConverter" time="0.003"/>
  <testcase classname="com.thoughtworks.xstream.io.json.JsonWriterFormatTest" name="optimizedPrettyString" time="0"/>
  <testcase classname="com.thoughtworks.xstream.io.json.JsonWriterFormatTest" name="optimizedPrettyCharSequenceArray" time="0"/>
  <testcase classname="com.thoughtworks.xstream.io.json.JsonWriterFormatTest" name="optimizedPrettyCharSequenceArray+ID" time="0.001"/>
  <testcase classname="com.thoughtworks.xstream.io.json.JsonWriterFormatTest" name="optimizedPrettyEmptyStringArray" time="0"/>
  <testcase classname="com.thoughtworks.xstream.io.json.JsonWriterFormatTest" name="optimizedPrettyEmptyStringArray+ID" time="0"/>
  <testcase classname="com.thoughtworks.xstream.io.json.JsonWriterFormatTest" name="optimizedPrettyProperties" time="0.001"/>
  <testcase classname="com.thoughtworks.xstream.io.json.JsonWriterFormatTest" name="optimizedPrettyObject" time="0"/>
  <testcase classname="com.thoughtworks.xstream.io.json.JsonWriterFormatTest" name="optimizedPrettyAttributeOnly" time="0.001"/>
  <testcase classname="com.thoughtworks.xstream.io.json.JsonWriterFormatTest" name="optimizedPrettyX" time="0"/>
  <testcase classname="com.thoughtworks.xstream.io.json.JsonWriterFormatTest" name="optimizedPrettyEmptyX" time="0.001"/>
  <testcase classname="com.thoughtworks.xstream.io.json.JsonWriterFormatTest" name="optimizedPrettyCollections" time="0"/>
  <testcase classname="com.thoughtworks.xstream.io.json.JsonWriterFormatTest" name="optimizedPrettyEmptyList" time="0"/>
  <testcase classname="com.thoughtworks.xstream.io.json.JsonWriterFormatTest" name="optimizedPrettyCustomConverter" time="0"/>
  <testcase classname="com.thoughtworks.xstream.io.json.JsonWriterFormatTest" name="optimizedCompactString" time="0"/>
  <testcase classname="com.thoughtworks.xstream.io.json.JsonWriterFormatTest" name="optimizedCompactCharSequenceArray" time="0"/>
  <testcase classname="com.thoughtworks.xstream.io.json.JsonWriterFormatTest" name="optimizedCompactCharSequenceArray+ID" time="0"/>
  <testcase classname="com.thoughtworks.xstream.io.json.JsonWriterFormatTest" name="optimizedCompactEmptyStringArray" time="0"/>
  <testcase classname="com.thoughtworks.xstream.io.json.JsonWriterFormatTest" name="optimizedCompactEmptyStringArray+ID" time="0"/>
  <testcase classname="com.thoughtworks.xstream.io.json.JsonWriterFormatTest" name="optimizedCompactProperties" time="0"/>
  <testcase classname="com.thoughtworks.xstream.io.json.JsonWriterFormatTest" name="optimizedCompactObject" time="0"/>
  <testcase classname="com.thoughtworks.xstream.io.json.JsonWriterFormatTest" name="optimizedCompactAttributeOnly" time="0"/>
  <testcase classname="com.thoughtworks.xstream.io.json.JsonWriterFormatTest" name="optimizedCompactX" time="0.001"/>
  <testcase classname="com.thoughtworks.xstream.io.json.JsonWriterFormatTest" name="optimizedCompactEmptyX" time="0"/>
  <testcase classname="com.thoughtworks.xstream.io.json.JsonWriterFormatTest" name="optimizedCompactCollections" time="0"/>
  <testcase classname="com.thoughtworks.xstream.io.json.JsonWriterFormatTest" name="optimizedCompactEmptyList" time="0"/>
  <testcase classname="com.thoughtworks.xstream.io.json.JsonWriterFormatTest" name="optimizedCompactCustomConverter" time="0"/>
  <testcase classname="com.thoughtworks.xstream.io.json.JsonWriterFormatTest" name="noRootMinimalString" time="0"/>
  <testcase classname="com.thoughtworks.xstream.io.json.JsonWriterFormatTest" name="noRootMinimalCharSequenceArray" time="0"/>
  <testcase classname="com.thoughtworks.xstream.io.json.JsonWriterFormatTest" name="noRootMinimalCharSequenceArray+ID" time="0"/>
  <testcase classname="com.thoughtworks.xstream.io.json.JsonWriterFormatTest" name="noRootMinimalEmptyStringArray" time="0"/>
  <testcase classname="com.thoughtworks.xstream.io.json.JsonWriterFormatTest" name="noRootMinimalEmptyStringArray+ID" time="0"/>
  <testcase classname="com.thoughtworks.xstream.io.json.JsonWriterFormatTest" name="noRootMinimalProperties" time="0"/>
  <testcase classname="com.thoughtworks.xstream.io.json.JsonWriterFormatTest" name="noRootMinimalObject" time="0"/>
  <testcase classname="com.thoughtworks.xstream.io.json.JsonWriterFormatTest" name="noRootMinimalAttributeOnly" time="0"/>
  <testcase classname="com.thoughtworks.xstream.io.json.JsonWriterFormatTest" name="noRootMinimalX" time="0"/>
  <testcase classname="com.thoughtworks.xstream.io.json.JsonWriterFormatTest" name="noRootMinimalEmptyX" time="0"/>
  <testcase classname="com.thoughtworks.xstream.io.json.JsonWriterFormatTest" name="noRootMinimalCollections" time="0"/>
  <testcase classname="com.thoughtworks.xstream.io.json.JsonWriterFormatTest" name="noRootMinimalEmptyList" time="0"/>
  <testcase classname="com.thoughtworks.xstream.io.json.JsonWriterFormatTest" name="noRootMinimalCustomConverter" time="0"/>
  <testcase classname="com.thoughtworks.xstream.io.json.JsonWriterFormatTest" name="noRootPrettyString" time="0"/>
  <testcase classname="com.thoughtworks.xstream.io.json.JsonWriterFormatTest" name="noRootPrettyCharSequenceArray" time="0"/>
  <testcase classname="com.thoughtworks.xstream.io.json.JsonWriterFormatTest" name="noRootPrettyCharSequenceArray+ID" time="0"/>
  <testcase classname="com.thoughtworks.xstream.io.json.JsonWriterFormatTest" name="noRootPrettyEmptyStringArray" time="0"/>
  <testcase classname="com.thoughtworks.xstream.io.json.JsonWriterFormatTest" name="noRootPrettyEmptyStringArray+ID" time="0"/>
  <testcase classname="com.thoughtworks.xstream.io.json.JsonWriterFormatTest" name="noRootPrettyProperties" time="0"/>
  <testcase classname="com.thoughtworks.xstream.io.json.JsonWriterFormatTest" name="noRootPrettyObject" time="0.001"/>
  <testcase classname="com.thoughtworks.xstream.io.json.JsonWriterFormatTest" name="noRootPrettyAttributeOnly" time="0"/>
  <testcase classname="com.thoughtworks.xstream.io.json.JsonWriterFormatTest" name="noRootPrettyX" time="0"/>
  <testcase classname="com.thoughtworks.xstream.io.json.JsonWriterFormatTest" name="noRootPrettyEmptyX" time="0"/>
  <testcase classname="com.thoughtworks.xstream.io.json.JsonWriterFormatTest" name="noRootPrettyCollections" time="0"/>
  <testcase classname="com.thoughtworks.xstream.io.json.JsonWriterFormatTest" name="noRootPrettyEmptyList" time="0"/>
  <testcase classname="com.thoughtworks.xstream.io.json.JsonWriterFormatTest" name="noRootPrettyCustomConverter" time="0.001"/>
  <testcase classname="com.thoughtworks.xstream.io.json.JsonWriterFormatTest" name="noRootCompactString" time="0"/>
  <testcase classname="com.thoughtworks.xstream.io.json.JsonWriterFormatTest" name="noRootCompactCharSequenceArray" time="0"/>
  <testcase classname="com.thoughtworks.xstream.io.json.JsonWriterFormatTest" name="noRootCompactCharSequenceArray+ID" time="0"/>
  <testcase classname="com.thoughtworks.xstream.io.json.JsonWriterFormatTest" name="noRootCompactEmptyStringArray" time="0"/>
  <testcase classname="com.thoughtworks.xstream.io.json.JsonWriterFormatTest" name="noRootCompactEmptyStringArray+ID" time="0"/>
  <testcase classname="com.thoughtworks.xstream.io.json.JsonWriterFormatTest" name="noRootCompactProperties" time="0"/>
  <testcase classname="com.thoughtworks.xstream.io.json.JsonWriterFormatTest" name="noRootCompactObject" time="0"/>
  <testcase classname="com.thoughtworks.xstream.io.json.JsonWriterFormatTest" name="noRootCompactAttributeOnly" time="0"/>
  <testcase classname="com.thoughtworks.xstream.io.json.JsonWriterFormatTest" name="noRootCompactX" time="0.001"/>
  <testcase classname="com.thoughtworks.xstream.io.json.JsonWriterFormatTest" name="noRootCompactEmptyX" time="0"/>
  <testcase classname="com.thoughtworks.xstream.io.json.JsonWriterFormatTest" name="noRootCompactCollections" time="0"/>
  <testcase classname="com.thoughtworks.xstream.io.json.JsonWriterFormatTest" name="noRootCompactEmptyList" time="0"/>
  <testcase classname="com.thoughtworks.xstream.io.json.JsonWriterFormatTest" name="noRootCompactCustomConverter" time="0"/>
  <testcase classname="com.thoughtworks.xstream.io.json.JsonWriterFormatTest" name="explicitMinimalString" time="0"/>
  <testcase classname="com.thoughtworks.xstream.io.json.JsonWriterFormatTest" name="explicitMinimalCharSequenceArray" time="0"/>
  <testcase classname="com.thoughtworks.xstream.io.json.JsonWriterFormatTest" name="explicitMinimalCharSequenceArray+ID" time="0"/>
  <testcase classname="com.thoughtworks.xstream.io.json.JsonWriterFormatTest" name="explicitMinimalEmptyStringArray" time="0"/>
  <testcase classname="com.thoughtworks.xstream.io.json.JsonWriterFormatTest" name="explicitMinimalEmptyStringArray+ID" time="0"/>
  <testcase classname="com.thoughtworks.xstream.io.json.JsonWriterFormatTest" name="explicitMinimalProperties" time="0"/>
  <testcase classname="com.thoughtworks.xstream.io.json.JsonWriterFormatTest" name="explicitMinimalObject" time="0"/>
  <testcase classname="com.thoughtworks.xstream.io.json.JsonWriterFormatTest" name="explicitMinimalAttributeOnly" time="0"/>
  <testcase classname="com.thoughtworks.xstream.io.json.JsonWriterFormatTest" name="explicitMinimalX" time="0"/>
  <testcase classname="com.thoughtworks.xstream.io.json.JsonWriterFormatTest" name="explicitMinimalEmptyX" time="0"/>
  <testcase classname="com.thoughtworks.xstream.io.json.JsonWriterFormatTest" name="explicitMinimalCollections" time="0.001"/>
  <testcase classname="com.thoughtworks.xstream.io.json.JsonWriterFormatTest" name="explicitMinimalEmptyList" time="0"/>
  <testcase classname="com.thoughtworks.xstream.io.json.JsonWriterFormatTest" name="explicitMinimalCustomConverter" time="0"/>
  <testcase classname="com.thoughtworks.xstream.io.json.JsonWriterFormatTest" name="explicitPrettyString" time="0"/>
  <testcase classname="com.thoughtworks.xstream.io.json.JsonWriterFormatTest" name="explicitPrettyCharSequenceArray" time="0"/>
  <testcase classname="com.thoughtworks.xstream.io.json.JsonWriterFormatTest" name="explicitPrettyCharSequenceArray+ID" time="0"/>
  <testcase classname="com.thoughtworks.xstream.io.json.JsonWriterFormatTest" name="explicitPrettyEmptyStringArray" time="0"/>
  <testcase classname="com.thoughtworks.xstream.io.json.JsonWriterFormatTest" name="explicitPrettyEmptyStringArray+ID" time="0"/>
  <testcase classname="com.thoughtworks.xstream.io.json.JsonWriterFormatTest" name="explicitPrettyProperties" time="0.002"/>
  <testcase classname="com.thoughtworks.xstream.io.json.JsonWriterFormatTest" name="explicitPrettyObject" time="0.001"/>
  <testcase classname="com.thoughtworks.xstream.io.json.JsonWriterFormatTest" name="explicitPrettyAttributeOnly" time="0"/>
  <testcase classname="com.thoughtworks.xstream.io.json.JsonWriterFormatTest" name="explicitPrettyX" time="0"/>
  <testcase classname="com.thoughtworks.xstream.io.json.JsonWriterFormatTest" name="explicitPrettyEmptyX" time="0.001"/>
  <testcase classname="com.thoughtworks.xstream.io.json.JsonWriterFormatTest" name="explicitPrettyCollections" time="0.002"/>
  <testcase classname="com.thoughtworks.xstream.io.json.JsonWriterFormatTest" name="explicitPrettyEmptyList" time="0"/>
  <testcase classname="com.thoughtworks.xstream.io.json.JsonWriterFormatTest" name="explicitPrettyCustomConverter" time="0"/>
  <testcase classname="com.thoughtworks.xstream.io.json.JsonWriterFormatTest" name="explicitCompactString" time="0"/>
  <testcase classname="com.thoughtworks.xstream.io.json.JsonWriterFormatTest" name="explicitCompactCharSequenceArray" time="0.001"/>
  <testcase classname="com.thoughtworks.xstream.io.json.JsonWriterFormatTest" name="explicitCompactCharSequenceArray+ID" time="0"/>
  <testcase classname="com.thoughtworks.xstream.io.json.JsonWriterFormatTest" name="explicitCompactEmptyStringArray" time="0"/>
  <testcase classname="com.thoughtworks.xstream.io.json.JsonWriterFormatTest" name="explicitCompactEmptyStringArray+ID" time="0"/>
  <testcase classname="com.thoughtworks.xstream.io.json.JsonWriterFormatTest" name="explicitCompactProperties" time="0"/>
  <testcase classname="com.thoughtworks.xstream.io.json.JsonWriterFormatTest" name="explicitCompactObject" time="0.001"/>
  <testcase classname="com.thoughtworks.xstream.io.json.JsonWriterFormatTest" name="explicitCompactAttributeOnly" time="0"/>
  <testcase classname="com.thoughtworks.xstream.io.json.JsonWriterFormatTest" name="explicitCompactX" time="0"/>
  <testcase classname="com.thoughtworks.xstream.io.json.JsonWriterFormatTest" name="explicitCompactEmptyX" time="0"/>
  <testcase classname="com.thoughtworks.xstream.io.json.JsonWriterFormatTest" name="explicitCompactCollections" time="0.001"/>
  <testcase classname="com.thoughtworks.xstream.io.json.JsonWriterFormatTest" name="explicitCompactEmptyList" time="0.013"/>
  <testcase classname="com.thoughtworks.xstream.io.json.JsonWriterFormatTest" name="explicitCompactCustomConverter" time="0"/>
</testsuite>