<?xml version="1.0" encoding="UTF-8" ?>
<testsuite tests="100" failures="0" name="com.thoughtworks.acceptance.Time18TypesTest" time="0.245" errors="0" skipped="0">
  <properties>
    <property name="java.runtime.name" value="Java(TM) SE Runtime Environment"/>
    <property name="sun.boot.library.path" value="/cvmfs/ebsw.hpc2n.umu.se/amd64_ubuntu1604_common/software/Core/Java/1.8.0_202/jre/lib/amd64"/>
    <property name="java.vm.version" value="25.202-b08"/>
    <property name="java.vm.vendor" value="Oracle Corporation"/>
    <property name="java.vendor.url" value="http://java.oracle.com/"/>
    <property name="path.separator" value=":"/>
    <property name="java.vm.name" value="Java HotSpot(TM) 64-Bit Server VM"/>
    <property name="file.encoding.pkg" value="sun.io"/>
    <property name="user.country" value="US"/>
    <property name="sun.java.launcher" value="SUN_STANDARD"/>
    <property name="sun.os.patch.level" value="unknown"/>
    <property name="java.vm.specification.name" value="Java Virtual Machine Specification"/>
    <property name="user.dir" value="/scratch/dginelli/workspace/repairnator-repairnator-experiments-x-stream-xstream-263700209-20170812-015812_bugonly-firstCommit/xstream"/>
    <property name="java.runtime.version" value="1.8.0_202-b08"/>
    <property name="java.awt.graphicsenv" value="sun.awt.X11GraphicsEnvironment"/>
    <property name="basedir" value="/scratch/dginelli/workspace/repairnator-repairnator-experiments-x-stream-xstream-263700209-20170812-015812_bugonly-firstCommit/xstream"/>
    <property name="java.endorsed.dirs" value="/cvmfs/ebsw.hpc2n.umu.se/amd64_ubuntu1604_common/software/Core/Java/1.8.0_202/jre/lib/endorsed"/>
    <property name="os.arch" value="amd64"/>
    <property name="surefire.real.class.path" value="/tmp/surefirebooter1235984500577681510.jar"/>
    <property name="java.io.tmpdir" value="/tmp"/>
    <property name="line.separator" value="
"/>
    <property name="java.vm.specification.vendor" value="Oracle Corporation"/>
    <property name="os.name" value="Linux"/>
    <property name="sun.jnu.encoding" value="UTF-8"/>
    <property name="java.library.path" value="/hpc2n/eb/software/Core/Maven/3.6.0/lib:/hpc2n/eb/software/Core/Java/1.8.0_202/lib:/usr/java/packages/lib/amd64:/usr/lib64:/lib64:/lib:/usr/lib"/>
    <property name="surefire.test.class.path" value="/scratch/dginelli/workspace/repairnator-repairnator-experiments-x-stream-xstream-263700209-20170812-015812_bugonly-firstCommit/xstream/target/test-classes:/scratch/dginelli/workspace/repairnator-repairnator-experiments-x-stream-xstream-263700209-20170812-015812_bugonly-firstCommit/xstream/target/classes:/scratch/dginelli/workspace/repairnator-repairnator-experiments-x-stream-xstream-263700209-20170812-015812_bugonly-firstCommit/.m2/dom4j/dom4j/1.6.1/dom4j-1.6.1.jar:/scratch/dginelli/workspace/repairnator-repairnator-experiments-x-stream-xstream-263700209-20170812-015812_bugonly-firstCommit/.m2/org/jdom/jdom/1.1.3/jdom-1.1.3.jar:/scratch/dginelli/workspace/repairnator-repairnator-experiments-x-stream-xstream-263700209-20170812-015812_bugonly-firstCommit/.m2/org/jdom/jdom2/2.0.5/jdom2-2.0.5.jar:/scratch/dginelli/workspace/repairnator-repairnator-experiments-x-stream-xstream-263700209-20170812-015812_bugonly-firstCommit/.m2/joda-time/joda-time/1.6/joda-time-1.6.jar:/scratch/dginelli/workspace/repairnator-repairnator-experiments-x-stream-xstream-263700209-20170812-015812_bugonly-firstCommit/.m2/stax/stax/1.2.0/stax-1.2.0.jar:/scratch/dginelli/workspace/repairnator-repairnator-experiments-x-stream-xstream-263700209-20170812-015812_bugonly-firstCommit/.m2/org/codehaus/woodstox/wstx-asl/3.2.7/wstx-asl-3.2.7.jar:/scratch/dginelli/workspace/repairnator-repairnator-experiments-x-stream-xstream-263700209-20170812-015812_bugonly-firstCommit/.m2/stax/stax-api/1.0.1/stax-api-1.0.1.jar:/scratch/dginelli/workspace/repairnator-repairnator-experiments-x-stream-xstream-263700209-20170812-015812_bugonly-firstCommit/.m2/xom/xom/1.1/xom-1.1.jar:/scratch/dginelli/workspace/repairnator-repairnator-experiments-x-stream-xstream-263700209-20170812-015812_bugonly-firstCommit/.m2/xmlpull/xmlpull/1.1.3.1/xmlpull-1.1.3.1.jar:/scratch/dginelli/workspace/repairnator-repairnator-experiments-x-stream-xstream-263700209-20170812-015812_bugonly-firstCommit/.m2/net/sf/kxml/kxml2-min/2.3.0/kxml2-min-2.3.0.jar:/scratch/dginelli/workspace/repairnator-repairnator-experiments-x-stream-xstream-263700209-20170812-015812_bugonly-firstCommit/.m2/net/sf/kxml/kxml2/2.3.0/kxml2-2.3.0.jar:/scratch/dginelli/workspace/repairnator-repairnator-experiments-x-stream-xstream-263700209-20170812-015812_bugonly-firstCommit/.m2/xpp3/xpp3_min/1.1.4c/xpp3_min-1.1.4c.jar:/scratch/dginelli/workspace/repairnator-repairnator-experiments-x-stream-xstream-263700209-20170812-015812_bugonly-firstCommit/.m2/cglib/cglib-nodep/2.2/cglib-nodep-2.2.jar:/scratch/dginelli/workspace/repairnator-repairnator-experiments-x-stream-xstream-263700209-20170812-015812_bugonly-firstCommit/.m2/org/codehaus/jettison/jettison/1.2/jettison-1.2.jar:/scratch/dginelli/workspace/repairnator-repairnator-experiments-x-stream-xstream-263700209-20170812-015812_bugonly-firstCommit/.m2/junit/junit/3.8.1/junit-3.8.1.jar:/scratch/dginelli/workspace/repairnator-repairnator-experiments-x-stream-xstream-263700209-20170812-015812_bugonly-firstCommit/.m2/jmock/jmock/1.0.1/jmock-1.0.1.jar:/scratch/dginelli/workspace/repairnator-repairnator-experiments-x-stream-xstream-263700209-20170812-015812_bugonly-firstCommit/.m2/org/json/json/20080701/json-20080701.jar:/scratch/dginelli/workspace/repairnator-repairnator-experiments-x-stream-xstream-263700209-20170812-015812_bugonly-firstCommit/.m2/com/megginson/sax/xml-writer/0.2/xml-writer-0.2.jar:/scratch/dginelli/workspace/repairnator-repairnator-experiments-x-stream-xstream-263700209-20170812-015812_bugonly-firstCommit/.m2/oro/oro/2.0.8/oro-2.0.8.jar:/scratch/dginelli/workspace/repairnator-repairnator-experiments-x-stream-xstream-263700209-20170812-015812_bugonly-firstCommit/.m2/commons-lang/commons-lang/2.4/commons-lang-2.4.jar:"/>
    <property name="java.specification.name" value="Java Platform API Specification"/>
    <property name="java.class.version" value="52.0"/>
    <property name="sun.management.compiler" value="HotSpot 64-Bit Tiered Compilers"/>
    <property name="os.version" value="4.15.0-76-generic"/>
    <property name="user.home" value="/home/d/dginelli"/>
    <property name="user.timezone" value="Europe/Stockholm"/>
    <property name="java.awt.printerjob" value="sun.print.PSPrinterJob"/>
    <property name="file.encoding" value="UTF-8"/>
    <property name="java.specification.version" value="1.8"/>
    <property name="user.name" value="dginelli"/>
    <property name="java.class.path" value="/scratch/dginelli/workspace/repairnator-repairnator-experiments-x-stream-xstream-263700209-20170812-015812_bugonly-firstCommit/xstream/target/test-classes:/scratch/dginelli/workspace/repairnator-repairnator-experiments-x-stream-xstream-263700209-20170812-015812_bugonly-firstCommit/xstream/target/classes:/scratch/dginelli/workspace/repairnator-repairnator-experiments-x-stream-xstream-263700209-20170812-015812_bugonly-firstCommit/.m2/dom4j/dom4j/1.6.1/dom4j-1.6.1.jar:/scratch/dginelli/workspace/repairnator-repairnator-experiments-x-stream-xstream-263700209-20170812-015812_bugonly-firstCommit/.m2/org/jdom/jdom/1.1.3/jdom-1.1.3.jar:/scratch/dginelli/workspace/repairnator-repairnator-experiments-x-stream-xstream-263700209-20170812-015812_bugonly-firstCommit/.m2/org/jdom/jdom2/2.0.5/jdom2-2.0.5.jar:/scratch/dginelli/workspace/repairnator-repairnator-experiments-x-stream-xstream-263700209-20170812-015812_bugonly-firstCommit/.m2/joda-time/joda-time/1.6/joda-time-1.6.jar:/scratch/dginelli/workspace/repairnator-repairnator-experiments-x-stream-xstream-263700209-20170812-015812_bugonly-firstCommit/.m2/stax/stax/1.2.0/stax-1.2.0.jar:/scratch/dginelli/workspace/repairnator-repairnator-experiments-x-stream-xstream-263700209-20170812-015812_bugonly-firstCommit/.m2/org/codehaus/woodstox/wstx-asl/3.2.7/wstx-asl-3.2.7.jar:/scratch/dginelli/workspace/repairnator-repairnator-experiments-x-stream-xstream-263700209-20170812-015812_bugonly-firstCommit/.m2/stax/stax-api/1.0.1/stax-api-1.0.1.jar:/scratch/dginelli/workspace/repairnator-repairnator-experiments-x-stream-xstream-263700209-20170812-015812_bugonly-firstCommit/.m2/xom/xom/1.1/xom-1.1.jar:/scratch/dginelli/workspace/repairnator-repairnator-experiments-x-stream-xstream-263700209-20170812-015812_bugonly-firstCommit/.m2/xmlpull/xmlpull/1.1.3.1/xmlpull-1.1.3.1.jar:/scratch/dginelli/workspace/repairnator-repairnator-experiments-x-stream-xstream-263700209-20170812-015812_bugonly-firstCommit/.m2/net/sf/kxml/kxml2-min/2.3.0/kxml2-min-2.3.0.jar:/scratch/dginelli/workspace/repairnator-repairnator-experiments-x-stream-xstream-263700209-20170812-015812_bugonly-firstCommit/.m2/net/sf/kxml/kxml2/2.3.0/kxml2-2.3.0.jar:/scratch/dginelli/workspace/repairnator-repairnator-experiments-x-stream-xstream-263700209-20170812-015812_bugonly-firstCommit/.m2/xpp3/xpp3_min/1.1.4c/xpp3_min-1.1.4c.jar:/scratch/dginelli/workspace/repairnator-repairnator-experiments-x-stream-xstream-263700209-20170812-015812_bugonly-firstCommit/.m2/cglib/cglib-nodep/2.2/cglib-nodep-2.2.jar:/scratch/dginelli/workspace/repairnator-repairnator-experiments-x-stream-xstream-263700209-20170812-015812_bugonly-firstCommit/.m2/org/codehaus/jettison/jettison/1.2/jettison-1.2.jar:/scratch/dginelli/workspace/repairnator-repairnator-experiments-x-stream-xstream-263700209-20170812-015812_bugonly-firstCommit/.m2/junit/junit/3.8.1/junit-3.8.1.jar:/scratch/dginelli/workspace/repairnator-repairnator-experiments-x-stream-xstream-263700209-20170812-015812_bugonly-firstCommit/.m2/jmock/jmock/1.0.1/jmock-1.0.1.jar:/scratch/dginelli/workspace/repairnator-repairnator-experiments-x-stream-xstream-263700209-20170812-015812_bugonly-firstCommit/.m2/org/json/json/20080701/json-20080701.jar:/scratch/dginelli/workspace/repairnator-repairnator-experiments-x-stream-xstream-263700209-20170812-015812_bugonly-firstCommit/.m2/com/megginson/sax/xml-writer/0.2/xml-writer-0.2.jar:/scratch/dginelli/workspace/repairnator-repairnator-experiments-x-stream-xstream-263700209-20170812-015812_bugonly-firstCommit/.m2/oro/oro/2.0.8/oro-2.0.8.jar:/scratch/dginelli/workspace/repairnator-repairnator-experiments-x-stream-xstream-263700209-20170812-015812_bugonly-firstCommit/.m2/commons-lang/commons-lang/2.4/commons-lang-2.4.jar:"/>
    <property name="java.vm.specification.version" value="1.8"/>
    <property name="sun.arch.data.model" value="64"/>
    <property name="java.home" value="/cvmfs/ebsw.hpc2n.umu.se/amd64_ubuntu1604_common/software/Core/Java/1.8.0_202/jre"/>
    <property name="sun.java.command" value="/tmp/surefirebooter1235984500577681510.jar /tmp/surefire5142903943183461017tmp /tmp/surefire7657603176022356454tmp"/>
    <property name="java.specification.vendor" value="Oracle Corporation"/>
    <property name="user.language" value="en"/>
    <property name="awt.toolkit" value="sun.awt.X11.XToolkit"/>
    <property name="java.vm.info" value="mixed mode"/>
    <property name="java.version" value="1.8.0_202"/>
    <property name="java.ext.dirs" value="/cvmfs/ebsw.hpc2n.umu.se/amd64_ubuntu1604_common/software/Core/Java/1.8.0_202/jre/lib/ext:/usr/java/packages/lib/ext"/>
    <property name="sun.boot.class.path" value="/cvmfs/ebsw.hpc2n.umu.se/amd64_ubuntu1604_common/software/Core/Java/1.8.0_202/jre/lib/resources.jar:/cvmfs/ebsw.hpc2n.umu.se/amd64_ubuntu1604_common/software/Core/Java/1.8.0_202/jre/lib/rt.jar:/cvmfs/ebsw.hpc2n.umu.se/amd64_ubuntu1604_common/software/Core/Java/1.8.0_202/jre/lib/sunrsasign.jar:/cvmfs/ebsw.hpc2n.umu.se/amd64_ubuntu1604_common/software/Core/Java/1.8.0_202/jre/lib/jsse.jar:/cvmfs/ebsw.hpc2n.umu.se/amd64_ubuntu1604_common/software/Core/Java/1.8.0_202/jre/lib/jce.jar:/cvmfs/ebsw.hpc2n.umu.se/amd64_ubuntu1604_common/software/Core/Java/1.8.0_202/jre/lib/charsets.jar:/cvmfs/ebsw.hpc2n.umu.se/amd64_ubuntu1604_common/software/Core/Java/1.8.0_202/jre/lib/jfr.jar:/cvmfs/ebsw.hpc2n.umu.se/amd64_ubuntu1604_common/software/Core/Java/1.8.0_202/jre/classes"/>
    <property name="java.vendor" value="Oracle Corporation"/>
    <property name="java.awt.headless" value="true"/>
    <property name="localRepository" value="/scratch/dginelli/workspace/repairnator-repairnator-experiments-x-stream-xstream-263700209-20170812-015812_bugonly-firstCommit/.m2"/>
    <property name="file.separator" value="/"/>
    <property name="java.vendor.url.bug" value="http://bugreport.sun.com/bugreport/"/>
    <property name="sun.cpu.endian" value="little"/>
    <property name="sun.io.unicode.encoding" value="UnicodeLittle"/>
    <property name="sun.font.fontmanager" value="sun.awt.X11FontManager"/>
    <property name="sun.cpu.isalist" value=""/>
  </properties>
  <testcase classname="com.thoughtworks.acceptance.Time18TypesTest" name="testFixedClock" time="0.001"/>
  <testcase classname="com.thoughtworks.acceptance.Time18TypesTest" name="testOffsetTimeWithOldFormat" time="0"/>
  <testcase classname="com.thoughtworks.acceptance.Time18TypesTest" name="testOffsetTimeIsImmutable" time="0.001"/>
  <testcase classname="com.thoughtworks.acceptance.Time18TypesTest" name="testYear" time="0"/>
  <testcase classname="com.thoughtworks.acceptance.Time18TypesTest" name="testYearConversionExceptionContainsInvalidValue" time="0"/>
  <testcase classname="com.thoughtworks.acceptance.Time18TypesTest" name="testYearWithOldFormat" time="0"/>
  <testcase classname="com.thoughtworks.acceptance.Time18TypesTest" name="testYearIsImmutable" time="0.001"/>
  <testcase classname="com.thoughtworks.acceptance.Time18TypesTest" name="testYearMonth" time="0"/>
  <testcase classname="com.thoughtworks.acceptance.Time18TypesTest" name="testYearMonthConversionExceptionContainsInvalidValue" time="0"/>
  <testcase classname="com.thoughtworks.acceptance.Time18TypesTest" name="testYearMonthWithOldFormat" time="0"/>
  <testcase classname="com.thoughtworks.acceptance.Time18TypesTest" name="testYearMonthIsImmutable" time="0.001"/>
  <testcase classname="com.thoughtworks.acceptance.Time18TypesTest" name="testZonedDateTime" time="0.026"/>
  <testcase classname="com.thoughtworks.acceptance.Time18TypesTest" name="testZonedDateTimeConversionExceptionContainsInvalidValue" time="0"/>
  <testcase classname="com.thoughtworks.acceptance.Time18TypesTest" name="testZonedDateTimeWithOldFormat" time="0"/>
  <testcase classname="com.thoughtworks.acceptance.Time18TypesTest" name="testZonedDateTimeIsImmutable" time="0.001"/>
  <testcase classname="com.thoughtworks.acceptance.Time18TypesTest" name="testZoneOffest" time="0"/>
  <testcase classname="com.thoughtworks.acceptance.Time18TypesTest" name="testZoneIdConversionExceptionContainsInvalidValue" time="0"/>
  <testcase classname="com.thoughtworks.acceptance.Time18TypesTest" name="testZoneOffestWithOldFormat" time="0.001"/>
  <testcase classname="com.thoughtworks.acceptance.Time18TypesTest" name="testZoneOffestIsImmutable" time="0"/>
  <testcase classname="com.thoughtworks.acceptance.Time18TypesTest" name="testZoneRegion" time="0"/>
  <testcase classname="com.thoughtworks.acceptance.Time18TypesTest" name="testZoneRegionWithOldFormat" time="0"/>
  <testcase classname="com.thoughtworks.acceptance.Time18TypesTest" name="testZoneRegionIsImmutable" time="0"/>
  <testcase classname="com.thoughtworks.acceptance.Time18TypesTest" name="testChronology" time="0.001"/>
  <testcase classname="com.thoughtworks.acceptance.Time18TypesTest" name="testChronologyConversionExceptionContainsInvalidValue" time="0"/>
  <testcase classname="com.thoughtworks.acceptance.Time18TypesTest" name="testChronologyWithOldFormat" time="0"/>
  <testcase classname="com.thoughtworks.acceptance.Time18TypesTest" name="testChronologyIsImmutable" time="0"/>
  <testcase classname="com.thoughtworks.acceptance.Time18TypesTest" name="testHijrahDate" time="0.038"/>
  <testcase classname="com.thoughtworks.acceptance.Time18TypesTest" name="testHijrahDateWithOldFormat" time="0"/>
  <testcase classname="com.thoughtworks.acceptance.Time18TypesTest" name="testHijrahDateConversionExceptionContainsInvalidValue" time="0"/>
  <testcase classname="com.thoughtworks.acceptance.Time18TypesTest" name="testHijrahDateIsImmutable" time="0.001"/>
  <testcase classname="com.thoughtworks.acceptance.Time18TypesTest" name="testHijrahEra" time="0"/>
  <testcase classname="com.thoughtworks.acceptance.Time18TypesTest" name="testJapaneseDate" time="0.001"/>
  <testcase classname="com.thoughtworks.acceptance.Time18TypesTest" name="testJapaneseDateWithOldFormat" time="0"/>
  <testcase classname="com.thoughtworks.acceptance.Time18TypesTest" name="testJapaneseDateConversionExceptionContainsInvalidValue" time="0"/>
  <testcase classname="com.thoughtworks.acceptance.Time18TypesTest" name="testJapaneseDateIsImmutable" time="0.001"/>
  <testcase classname="com.thoughtworks.acceptance.Time18TypesTest" name="testJapaneseEra" time="0"/>
  <testcase classname="com.thoughtworks.acceptance.Time18TypesTest" name="testJapaneseEraWithOldFormat" time="0"/>
  <testcase classname="com.thoughtworks.acceptance.Time18TypesTest" name="testJapaneseEraConversionExceptionContainsInvalidValue" time="0"/>
  <testcase classname="com.thoughtworks.acceptance.Time18TypesTest" name="testJapaneseEraIsImmutable" time="0"/>
  <testcase classname="com.thoughtworks.acceptance.Time18TypesTest" name="testMinguoDate" time="0.001"/>
  <testcase classname="com.thoughtworks.acceptance.Time18TypesTest" name="testMinguoDateWithOldFormat" time="0"/>
  <testcase classname="com.thoughtworks.acceptance.Time18TypesTest" name="testMinguoDateConversionExceptionContainsInvalidValue" time="0"/>
  <testcase classname="com.thoughtworks.acceptance.Time18TypesTest" name="testMinguoDateIsImmutable" time="0.001"/>
  <testcase classname="com.thoughtworks.acceptance.Time18TypesTest" name="testMinguoEra" time="0"/>
  <testcase classname="com.thoughtworks.acceptance.Time18TypesTest" name="testThaiBuddhistDate" time="0"/>
  <testcase classname="com.thoughtworks.acceptance.Time18TypesTest" name="testThaiBuddhistDateWithOldFormat" time="0.001"/>
  <testcase classname="com.thoughtworks.acceptance.Time18TypesTest" name="testThaiBuddhistDateConversionExceptionContainsInvalidValue" time="0"/>
  <testcase classname="com.thoughtworks.acceptance.Time18TypesTest" name="testThaiBuddhistDateIsImmutable" time="0"/>
  <testcase classname="com.thoughtworks.acceptance.Time18TypesTest" name="testThaiBuddhistEra" time="0"/>
  <testcase classname="com.thoughtworks.acceptance.Time18TypesTest" name="testChronoField" time="0"/>
  <testcase classname="com.thoughtworks.acceptance.Time18TypesTest" name="testChronoUnit" time="0"/>
  <testcase classname="com.thoughtworks.acceptance.Time18TypesTest" name="testIsoFields" time="0.001"/>
  <testcase classname="com.thoughtworks.acceptance.Time18TypesTest" name="testIsoFieldsAreImmutable" time="0"/>
  <testcase classname="com.thoughtworks.acceptance.Time18TypesTest" name="testJulianFields" time="0.001"/>
  <testcase classname="com.thoughtworks.acceptance.Time18TypesTest" name="testJulianFieldsAreImmutable" time="0"/>
  <testcase classname="com.thoughtworks.acceptance.Time18TypesTest" name="testValueRange" time="0"/>
  <testcase classname="com.thoughtworks.acceptance.Time18TypesTest" name="testValueRangeWithAlias" time="0"/>
  <testcase classname="com.thoughtworks.acceptance.Time18TypesTest" name="testValueRangeWithOldFormat" time="0"/>
  <testcase classname="com.thoughtworks.acceptance.Time18TypesTest" name="testWeekFields" time="0.001"/>
  <testcase classname="com.thoughtworks.acceptance.Time18TypesTest" name="testWeekFieldsWithFieldAlias" time="0"/>
  <testcase classname="com.thoughtworks.acceptance.Time18TypesTest" name="testWeekFieldsWithOldFormat" time="0"/>
  <testcase classname="com.thoughtworks.acceptance.Time18TypesTest" name="testOffsetClock" time="0.001"/>
  <testcase classname="com.thoughtworks.acceptance.Time18TypesTest" name="testSystemClock" time="0"/>
  <testcase classname="com.thoughtworks.acceptance.Time18TypesTest" name="testTickClock" time="0"/>
  <testcase classname="com.thoughtworks.acceptance.Time18TypesTest" name="testDuration" time="0.003"/>
  <testcase classname="com.thoughtworks.acceptance.Time18TypesTest" name="testDurationConversionExceptionContainsInvalidValue" time="0"/>
  <testcase classname="com.thoughtworks.acceptance.Time18TypesTest" name="testDurationIsImmutable" time="0.001"/>
  <testcase classname="com.thoughtworks.acceptance.Time18TypesTest" name="testInstant" time="0.003"/>
  <testcase classname="com.thoughtworks.acceptance.Time18TypesTest" name="testInstantConversionExceptionContainsInvalidValue" time="0"/>
  <testcase classname="com.thoughtworks.acceptance.Time18TypesTest" name="testInstantWithOldFormat" time="0.001"/>
  <testcase classname="com.thoughtworks.acceptance.Time18TypesTest" name="testInstantIsImmutable" time="0.001"/>
  <testcase classname="com.thoughtworks.acceptance.Time18TypesTest" name="testPeriod" time="0"/>
  <testcase classname="com.thoughtworks.acceptance.Time18TypesTest" name="testPeriodConversionExceptionContainsInvalidValue" time="0"/>
  <testcase classname="com.thoughtworks.acceptance.Time18TypesTest" name="testPeriodWithOldFormat" time="0.001"/>
  <testcase classname="com.thoughtworks.acceptance.Time18TypesTest" name="testPeriodIsImmutable" time="0.013"/>
  <testcase classname="com.thoughtworks.acceptance.Time18TypesTest" name="testLocalDate" time="0"/>
  <testcase classname="com.thoughtworks.acceptance.Time18TypesTest" name="testLocalDateConversionExceptionContainsInvalidValue" time="0"/>
  <testcase classname="com.thoughtworks.acceptance.Time18TypesTest" name="testLocalDateWithOldFormat" time="0"/>
  <testcase classname="com.thoughtworks.acceptance.Time18TypesTest" name="testLocalDateIsImmutable" time="0.001"/>
  <testcase classname="com.thoughtworks.acceptance.Time18TypesTest" name="testLocalDateTime" time="0.001"/>
  <testcase classname="com.thoughtworks.acceptance.Time18TypesTest" name="testLocalDateTimeConversionExceptionContainsInvalidValue" time="0.001"/>
  <testcase classname="com.thoughtworks.acceptance.Time18TypesTest" name="testLocalDateTimeWithOldFormat" time="0"/>
  <testcase classname="com.thoughtworks.acceptance.Time18TypesTest" name="testLocalDateTimeIsImmutable" time="0.001"/>
  <testcase classname="com.thoughtworks.acceptance.Time18TypesTest" name="testLocalTime" time="0.003"/>
  <testcase classname="com.thoughtworks.acceptance.Time18TypesTest" name="testLocalTimeConversionExceptionContainsInvalidValue" time="0"/>
  <testcase classname="com.thoughtworks.acceptance.Time18TypesTest" name="testLocalTimeWithOldFormat" time="0"/>
  <testcase classname="com.thoughtworks.acceptance.Time18TypesTest" name="testLocalTimeIsImmutable" time="0"/>
  <testcase classname="com.thoughtworks.acceptance.Time18TypesTest" name="testDayOfWeek" time="0"/>
  <testcase classname="com.thoughtworks.acceptance.Time18TypesTest" name="testMonth" time="0"/>
  <testcase classname="com.thoughtworks.acceptance.Time18TypesTest" name="testMonthDay" time="0.002"/>
  <testcase classname="com.thoughtworks.acceptance.Time18TypesTest" name="testMonthDayConversionExceptionContainsInvalidValue" time="0"/>
  <testcase classname="com.thoughtworks.acceptance.Time18TypesTest" name="testMonthDayWithOldFormat" time="0"/>
  <testcase classname="com.thoughtworks.acceptance.Time18TypesTest" name="testMonthDayIsImmutable" time="0.001"/>
  <testcase classname="com.thoughtworks.acceptance.Time18TypesTest" name="testOffsetDateTime" time="0.002"/>
  <testcase classname="com.thoughtworks.acceptance.Time18TypesTest" name="testOffsetDateTimeConversionExceptionContainsInvalidValue" time="0"/>
  <testcase classname="com.thoughtworks.acceptance.Time18TypesTest" name="testOffsetDateTimeWithOldFormat" time="0"/>
  <testcase classname="com.thoughtworks.acceptance.Time18TypesTest" name="testOffsetDateTimeIsImmutable" time="0.002"/>
  <testcase classname="com.thoughtworks.acceptance.Time18TypesTest" name="testOffsetTime" time="0.001"/>
  <testcase classname="com.thoughtworks.acceptance.Time18TypesTest" name="testOffsetTimeConversionExceptionContainsInvalidValue" time="0.001"/>
  <testcase classname="com.thoughtworks.acceptance.Time18TypesTest" name="testDurationWithOldFormat" time="0"/>
</testsuite>