<?xml version="1.0" encoding="UTF-8"?>
<testsuite name="nl.mpi.tg.eg.frinex.adaptivevocabularyassessment.client.service.AudioAsStimuliProviderTest" time="86.9" tests="12" errors="0" skipped="0" failures="1">
  <properties>
    <property name="java.runtime.name" value="Java(TM) SE Runtime Environment"/>
    <property name="sun.boot.library.path" value="/cvmfs/ebsw.hpc2n.umu.se/amd64_ubuntu1604_common/software/Core/Java/1.8.0_202/jre/lib/amd64"/>
    <property name="java.vm.version" value="25.202-b08"/>
    <property name="java.vm.vendor" value="Oracle Corporation"/>
    <property name="maven.multiModuleProjectDirectory" value="/scratch/dginelli/workspace/repairnator-repairnator-experiments-MPI-ExperimentGroup-ExperimentTemplate-384776966-20180528-170150-firstCommit"/>
    <property name="java.vendor.url" value="http://java.oracle.com/"/>
    <property name="path.separator" value=":"/>
    <property name="guice.disable.misplaced.annotation.check" value="true"/>
    <property name="skip.gulp" value="true"/>
    <property name="java.vm.name" value="Java HotSpot(TM) 64-Bit Server VM"/>
    <property name="file.encoding.pkg" value="sun.io"/>
    <property name="user.country" value="US"/>
    <property name="sun.java.launcher" value="SUN_STANDARD"/>
    <property name="sun.os.patch.level" value="unknown"/>
    <property name="findbugs.skip" value="true"/>
    <property name="java.vm.specification.name" value="Java Virtual Machine Specification"/>
    <property name="user.dir" value="/scratch/dginelli/workspace/repairnator-repairnator-experiments-MPI-ExperimentGroup-ExperimentTemplate-384776966-20180528-170150-firstCommit"/>
    <property name="java.runtime.version" value="1.8.0_202-b08"/>
    <property name="java.awt.graphicsenv" value="sun.awt.X11GraphicsEnvironment"/>
    <property name="skip.npm" value="true"/>
    <property name="java.endorsed.dirs" value="/cvmfs/ebsw.hpc2n.umu.se/amd64_ubuntu1604_common/software/Core/Java/1.8.0_202/jre/lib/endorsed"/>
    <property name="os.arch" value="amd64"/>
    <property name="java.io.tmpdir" value="/tmp"/>
    <property name="gpg.skip" value="true"/>
    <property name="line.separator" value="&#10;"/>
    <property name="java.vm.specification.vendor" value="Oracle Corporation"/>
    <property name="cobertura.skip" value="true"/>
    <property name="os.name" value="Linux"/>
    <property name="classworlds.conf" value="/usr/share/maven/bin/m2.conf"/>
    <property name="sun.jnu.encoding" value="UTF-8"/>
    <property name="java.library.path" value="/hpc2n/eb/software/Core/Maven/3.6.0/lib:/hpc2n/eb/software/Core/Java/1.8.0_202/lib:/usr/java/packages/lib/amd64:/usr/lib64:/lib64:/lib:/usr/lib"/>
    <property name="license.skip" value="true"/>
    <property name="java.specification.name" value="Java Platform API Specification"/>
    <property name="java.class.version" value="52.0"/>
    <property name="sun.management.compiler" value="HotSpot 64-Bit Tiered Compilers"/>
    <property name="skip.bower" value="true"/>
    <property name="maven.repo.local" value="/scratch/dginelli/workspace/repairnator-repairnator-experiments-MPI-ExperimentGroup-ExperimentTemplate-384776966-20180528-170150-firstCommit/.m2"/>
    <property name="os.version" value="4.15.0-76-generic"/>
    <property name="user.home" value="/home/d/dginelli"/>
    <property name="user.timezone" value="Europe/Stockholm"/>
    <property name="java.awt.printerjob" value="sun.print.PSPrinterJob"/>
    <property name="java.specification.version" value="1.8"/>
    <property name="file.encoding" value="UTF-8"/>
    <property name="user.name" value="dginelli"/>
    <property name="java.class.path" value="/usr/share/maven/boot/plexus-classworlds-2.x.jar"/>
    <property name="skipITs" value="true"/>
    <property name="java.vm.specification.version" value="1.8"/>
    <property name="sun.arch.data.model" value="64"/>
    <property name="java.home" value="/cvmfs/ebsw.hpc2n.umu.se/amd64_ubuntu1604_common/software/Core/Java/1.8.0_202/jre"/>
    <property name="sun.java.command" value="org.codehaus.plexus.classworlds.launcher.Launcher -B -e -D enforcer.skip=true -D dependency-check.skip=true -D skipITs=true -D cobertura.skip=true -D maven.repo.local=/scratch/dginelli/workspace/repairnator-repairnator-experiments-MPI-ExperimentGroup-ExperimentTemplate-384776966-20180528-170150-firstCommit/.m2 -D rat.skip=true -D findbugs.skip=true -D skip.bower=true -D gpg.skip=true -D skip.gulp=true -D license.skip=true -D skip.npm=true test"/>
    <property name="java.specification.vendor" value="Oracle Corporation"/>
    <property name="user.language" value="en"/>
    <property name="awt.toolkit" value="sun.awt.X11.XToolkit"/>
    <property name="dependency-check.skip" value="true"/>
    <property name="java.vm.info" value="mixed mode"/>
    <property name="java.version" value="1.8.0_202"/>
    <property name="java.ext.dirs" value="/cvmfs/ebsw.hpc2n.umu.se/amd64_ubuntu1604_common/software/Core/Java/1.8.0_202/jre/lib/ext:/usr/java/packages/lib/ext"/>
    <property name="securerandom.source" value="file:/dev/./urandom"/>
    <property name="sun.boot.class.path" value="/cvmfs/ebsw.hpc2n.umu.se/amd64_ubuntu1604_common/software/Core/Java/1.8.0_202/jre/lib/resources.jar:/cvmfs/ebsw.hpc2n.umu.se/amd64_ubuntu1604_common/software/Core/Java/1.8.0_202/jre/lib/rt.jar:/cvmfs/ebsw.hpc2n.umu.se/amd64_ubuntu1604_common/software/Core/Java/1.8.0_202/jre/lib/sunrsasign.jar:/cvmfs/ebsw.hpc2n.umu.se/amd64_ubuntu1604_common/software/Core/Java/1.8.0_202/jre/lib/jsse.jar:/cvmfs/ebsw.hpc2n.umu.se/amd64_ubuntu1604_common/software/Core/Java/1.8.0_202/jre/lib/jce.jar:/cvmfs/ebsw.hpc2n.umu.se/amd64_ubuntu1604_common/software/Core/Java/1.8.0_202/jre/lib/charsets.jar:/cvmfs/ebsw.hpc2n.umu.se/amd64_ubuntu1604_common/software/Core/Java/1.8.0_202/jre/lib/jfr.jar:/cvmfs/ebsw.hpc2n.umu.se/amd64_ubuntu1604_common/software/Core/Java/1.8.0_202/jre/classes"/>
    <property name="java.vendor" value="Oracle Corporation"/>
    <property name="enforcer.skip" value="true"/>
    <property name="rat.skip" value="true"/>
    <property name="maven.home" value="/usr/share/maven"/>
    <property name="file.separator" value="/"/>
    <property name="java.vendor.url.bug" value="http://bugreport.sun.com/bugreport/"/>
    <property name="sun.cpu.endian" value="little"/>
    <property name="sun.io.unicode.encoding" value="UnicodeLittle"/>
    <property name="sun.cpu.isalist" value=""/>
  </properties>
  <testcase name="testInitialiseNextFineTuningTuple" classname="nl.mpi.tg.eg.frinex.adaptivevocabularyassessment.client.service.AudioAsStimuliProviderTest" time="0.088"/>
  <testcase name="testIsCorrectResponse1" classname="nl.mpi.tg.eg.frinex.adaptivevocabularyassessment.client.service.AudioAsStimuliProviderTest" time="0.12"/>
  <testcase name="testIsCorrectResponse2" classname="nl.mpi.tg.eg.frinex.adaptivevocabularyassessment.client.service.AudioAsStimuliProviderTest" time="0.154"/>
  <testcase name="testToString" classname="nl.mpi.tg.eg.frinex.adaptivevocabularyassessment.client.service.AudioAsStimuliProviderTest" time="6.356"/>
  <testcase name="testHasNextStimulusLoop" classname="nl.mpi.tg.eg.frinex.adaptivevocabularyassessment.client.service.AudioAsStimuliProviderTest" time="4.588"/>
  <testcase name="testHasNextStimulusTimeOut" classname="nl.mpi.tg.eg.frinex.adaptivevocabularyassessment.client.service.AudioAsStimuliProviderTest" time="68.563"/>
  <testcase name="testHasNextStAndNextStimulus" classname="nl.mpi.tg.eg.frinex.adaptivevocabularyassessment.client.service.AudioAsStimuliProviderTest" time="0.055"/>
  <testcase name="testHasNextStimulusChampion" classname="nl.mpi.tg.eg.frinex.adaptivevocabularyassessment.client.service.AudioAsStimuliProviderTest" time="3.423">
    <failure type="java.lang.AssertionError:">java.lang.AssertionError: null
	at org.junit.Assert.fail(Assert.java:86)
	at org.junit.Assert.assertTrue(Assert.java:41)
	at org.junit.Assert.assertFalse(Assert.java:64)
	at org.junit.Assert.assertFalse(Assert.java:74)
	at nl.mpi.tg.eg.frinex.adaptivevocabularyassessment.client.service.AudioAsStimuliProviderTest.testHasNextStimulusChampion(AudioAsStimuliProviderTest.java:433)
</failure>
    <system-out><![CDATA[hasNextStimulus Champion
Portion 1
Portion 2
Portion 3
Portion 4
Portion 5
Portion 6
Portion 7
getStringFineTuningHistory
 extra-test toString()
Portion 1
Portion 2
Portion 3
Portion 4
Portion 5
Portion 6
Portion 7
 extra-test reinitialise
Portion 1
Portion 2
Portion 3
Portion 4
Portion 5
Portion 6
Portion 7
 extra-test toString()-2
15
tonk
]]></system-out>
  </testcase>
  <testcase name="testInitialiseStimuliStateQuadruple" classname="nl.mpi.tg.eg.frinex.adaptivevocabularyassessment.client.service.AudioAsStimuliProviderTest" time="0.032"/>
  <testcase name="testTupleIsNotEmptyAndNextStimulus" classname="nl.mpi.tg.eg.frinex.adaptivevocabularyassessment.client.service.AudioAsStimuliProviderTest" time="0.061"/>
  <testcase name="testHasNextStimulusLooser" classname="nl.mpi.tg.eg.frinex.adaptivevocabularyassessment.client.service.AudioAsStimuliProviderTest" time="3.417"/>
  <testcase name="testGetTrialTuple" classname="nl.mpi.tg.eg.frinex.adaptivevocabularyassessment.client.service.AudioAsStimuliProviderTest" time="0.043"/>
</testsuite>