<?xml version="1.0" encoding="UTF-8"?>
<testsuite xmlns:xsi="http://www.w3.org/2001/XMLSchema-instance" xsi:schemaLocation="https://maven.apache.org/surefire/maven-surefire-plugin/xsd/surefire-test-report.xsd" name="org.tinylog.LoggerTest" time="7.429" tests="188" errors="0" skipped="0" failures="0">
  <properties>
    <property name="java.runtime.name" value="Java(TM) SE Runtime Environment"/>
    <property name="sun.boot.library.path" value="/cvmfs/ebsw.hpc2n.umu.se/amd64_ubuntu1604_common/software/Core/Java/1.8.0_202/jre/lib/amd64"/>
    <property name="java.vm.version" value="25.202-b08"/>
    <property name="java.vm.vendor" value="Oracle Corporation"/>
    <property name="maven.multiModuleProjectDirectory" value="/scratch/dginelli/workspace/repairnator-repairnator-experiments-pmwmedia-tinylog-206636350-20170301-161115-firstCommit"/>
    <property name="java.vendor.url" value="http://java.oracle.com/"/>
    <property name="path.separator" value=":"/>
    <property name="guice.disable.misplaced.annotation.check" value="true"/>
    <property name="skip.gulp" value="true"/>
    <property name="java.vm.name" value="Java HotSpot(TM) 64-Bit Server VM"/>
    <property name="file.encoding.pkg" value="sun.io"/>
    <property name="user.country" value="US"/>
    <property name="sun.java.launcher" value="SUN_STANDARD"/>
    <property name="sun.os.patch.level" value="unknown"/>
    <property name="findbugs.skip" value="true"/>
    <property name="java.vm.specification.name" value="Java Virtual Machine Specification"/>
    <property name="user.dir" value="/scratch/dginelli/workspace/repairnator-repairnator-experiments-pmwmedia-tinylog-206636350-20170301-161115-firstCommit"/>
    <property name="java.runtime.version" value="1.8.0_202-b08"/>
    <property name="java.awt.graphicsenv" value="sun.awt.X11GraphicsEnvironment"/>
    <property name="skip.npm" value="true"/>
    <property name="java.endorsed.dirs" value="/cvmfs/ebsw.hpc2n.umu.se/amd64_ubuntu1604_common/software/Core/Java/1.8.0_202/jre/lib/endorsed"/>
    <property name="os.arch" value="amd64"/>
    <property name="java.io.tmpdir" value="/tmp"/>
    <property name="gpg.skip" value="true"/>
    <property name="line.separator" value="&#10;"/>
    <property name="java.vm.specification.vendor" value="Oracle Corporation"/>
    <property name="cobertura.skip" value="true"/>
    <property name="os.name" value="Linux"/>
    <property name="classworlds.conf" value="/usr/share/maven/bin/m2.conf"/>
    <property name="sun.jnu.encoding" value="UTF-8"/>
    <property name="java.library.path" value="/hpc2n/eb/software/Core/Maven/3.6.0/lib:/hpc2n/eb/software/Core/Java/1.8.0_202/lib:/usr/java/packages/lib/amd64:/usr/lib64:/lib64:/lib:/usr/lib"/>
    <property name="license.skip" value="true"/>
    <property name="java.specification.name" value="Java Platform API Specification"/>
    <property name="java.class.version" value="52.0"/>
    <property name="sun.management.compiler" value="HotSpot 64-Bit Tiered Compilers"/>
    <property name="skip.bower" value="true"/>
    <property name="maven.repo.local" value="/scratch/dginelli/workspace/repairnator-repairnator-experiments-pmwmedia-tinylog-206636350-20170301-161115-firstCommit/.m2"/>
    <property name="os.version" value="4.15.0-76-generic"/>
    <property name="user.home" value="/home/d/dginelli"/>
    <property name="user.timezone" value="Europe/Stockholm"/>
    <property name="java.awt.printerjob" value="sun.print.PSPrinterJob"/>
    <property name="java.specification.version" value="1.8"/>
    <property name="file.encoding" value="UTF-8"/>
    <property name="user.name" value="dginelli"/>
    <property name="java.class.path" value="/usr/share/maven/boot/plexus-classworlds-2.x.jar"/>
    <property name="skipITs" value="true"/>
    <property name="java.vm.specification.version" value="1.8"/>
    <property name="sun.arch.data.model" value="64"/>
    <property name="java.home" value="/cvmfs/ebsw.hpc2n.umu.se/amd64_ubuntu1604_common/software/Core/Java/1.8.0_202/jre"/>
    <property name="sun.java.command" value="org.codehaus.plexus.classworlds.launcher.Launcher -B -e -D enforcer.skip=true -D dependency-check.skip=true -D skipITs=true -D cobertura.skip=true -D maven.repo.local=/scratch/dginelli/workspace/repairnator-repairnator-experiments-pmwmedia-tinylog-206636350-20170301-161115-firstCommit/.m2 -D rat.skip=true -D findbugs.skip=true -D skip.bower=true -D gpg.skip=true -D skip.gulp=true -D license.skip=true -D skip.npm=true test"/>
    <property name="java.specification.vendor" value="Oracle Corporation"/>
    <property name="user.language" value="en"/>
    <property name="awt.toolkit" value="sun.awt.X11.XToolkit"/>
    <property name="dependency-check.skip" value="true"/>
    <property name="java.vm.info" value="mixed mode"/>
    <property name="java.version" value="1.8.0_202"/>
    <property name="java.ext.dirs" value="/cvmfs/ebsw.hpc2n.umu.se/amd64_ubuntu1604_common/software/Core/Java/1.8.0_202/jre/lib/ext:/usr/java/packages/lib/ext"/>
    <property name="securerandom.source" value="file:/dev/./urandom"/>
    <property name="sun.boot.class.path" value="/cvmfs/ebsw.hpc2n.umu.se/amd64_ubuntu1604_common/software/Core/Java/1.8.0_202/jre/lib/resources.jar:/cvmfs/ebsw.hpc2n.umu.se/amd64_ubuntu1604_common/software/Core/Java/1.8.0_202/jre/lib/rt.jar:/cvmfs/ebsw.hpc2n.umu.se/amd64_ubuntu1604_common/software/Core/Java/1.8.0_202/jre/lib/sunrsasign.jar:/cvmfs/ebsw.hpc2n.umu.se/amd64_ubuntu1604_common/software/Core/Java/1.8.0_202/jre/lib/jsse.jar:/cvmfs/ebsw.hpc2n.umu.se/amd64_ubuntu1604_common/software/Core/Java/1.8.0_202/jre/lib/jce.jar:/cvmfs/ebsw.hpc2n.umu.se/amd64_ubuntu1604_common/software/Core/Java/1.8.0_202/jre/lib/charsets.jar:/cvmfs/ebsw.hpc2n.umu.se/amd64_ubuntu1604_common/software/Core/Java/1.8.0_202/jre/lib/jfr.jar:/cvmfs/ebsw.hpc2n.umu.se/amd64_ubuntu1604_common/software/Core/Java/1.8.0_202/jre/classes"/>
    <property name="java.vendor" value="Oracle Corporation"/>
    <property name="enforcer.skip" value="true"/>
    <property name="rat.skip" value="true"/>
    <property name="maven.home" value="/usr/share/maven"/>
    <property name="file.separator" value="/"/>
    <property name="java.vendor.url.bug" value="http://bugreport.sun.com/bugreport/"/>
    <property name="sun.cpu.endian" value="little"/>
    <property name="sun.io.unicode.encoding" value="UnicodeLittle"/>
    <property name="sun.cpu.isalist" value=""/>
  </properties>
  <testcase name="untagged" classname="org.tinylog.LoggerTest$Tagging" time="0.089"/>
  <testcase name="tagged" classname="org.tinylog.LoggerTest$Tagging" time="0.002"/>
  <testcase name="isErrorEnabled[TRACE]" classname="org.tinylog.LoggerTest$Logging" time="1.042"/>
  <testcase name="isTraceEnabled[TRACE]" classname="org.tinylog.LoggerTest$Logging" time="0.087"/>
  <testcase name="debugMessageAndArguments[TRACE]" classname="org.tinylog.LoggerTest$Logging" time="0.058"/>
  <testcase name="infoExceptionWithMessage[TRACE]" classname="org.tinylog.LoggerTest$Logging" time="0.072"/>
  <testcase name="errorExceptionWithMessage[TRACE]" classname="org.tinylog.LoggerTest$Logging" time="0.068"/>
  <testcase name="warnExceptionWithMessageAndArguments[TRACE]" classname="org.tinylog.LoggerTest$Logging" time="0.089"/>
  <testcase name="debugObject[TRACE]" classname="org.tinylog.LoggerTest$Logging" time="0.057"/>
  <testcase name="isDebugEnabled[TRACE]" classname="org.tinylog.LoggerTest$Logging" time="0.045"/>
  <testcase name="errorObject[TRACE]" classname="org.tinylog.LoggerTest$Logging" time="0.061"/>
  <testcase name="infoObject[TRACE]" classname="org.tinylog.LoggerTest$Logging" time="0.048"/>
  <testcase name="debugExceptionWithMessageAndArguments[TRACE]" classname="org.tinylog.LoggerTest$Logging" time="0.039"/>
  <testcase name="traceMessageAndArguments[TRACE]" classname="org.tinylog.LoggerTest$Logging" time="0.049"/>
  <testcase name="warnExceptionWithMessage[TRACE]" classname="org.tinylog.LoggerTest$Logging" time="0.06"/>
  <testcase name="isInfoEnabled[TRACE]" classname="org.tinylog.LoggerTest$Logging" time="0.037"/>
  <testcase name="warnException[TRACE]" classname="org.tinylog.LoggerTest$Logging" time="0.048"/>
  <testcase name="errorException[TRACE]" classname="org.tinylog.LoggerTest$Logging" time="0.056"/>
  <testcase name="warnMessageAndArguments[TRACE]" classname="org.tinylog.LoggerTest$Logging" time="0.042"/>
  <testcase name="coveredByMinimumLevel[TRACE]" classname="org.tinylog.LoggerTest$Logging" time="0.034"/>
  <testcase name="traceObject[TRACE]" classname="org.tinylog.LoggerTest$Logging" time="0.043"/>
  <testcase name="infoMessageAndArguments[TRACE]" classname="org.tinylog.LoggerTest$Logging" time="0.037"/>
  <testcase name="infoExceptionWithMessageAndArguments[TRACE]" classname="org.tinylog.LoggerTest$Logging" time="0.047"/>
  <testcase name="isWarnEnabled[TRACE]" classname="org.tinylog.LoggerTest$Logging" time="0.032"/>
  <testcase name="errorExceptionWithMessageAndArguments[TRACE]" classname="org.tinylog.LoggerTest$Logging" time="0.043"/>
  <testcase name="infoException[TRACE]" classname="org.tinylog.LoggerTest$Logging" time="0.037"/>
  <testcase name="traceExceptionWithMessageAndArguments[TRACE]" classname="org.tinylog.LoggerTest$Logging" time="0.052"/>
  <testcase name="traceException[TRACE]" classname="org.tinylog.LoggerTest$Logging" time="0.031"/>
  <testcase name="debugExceptionWithMessage[TRACE]" classname="org.tinylog.LoggerTest$Logging" time="0.032"/>
  <testcase name="warnObject[TRACE]" classname="org.tinylog.LoggerTest$Logging" time="0.042"/>
  <testcase name="errorMessageAndArguments[TRACE]" classname="org.tinylog.LoggerTest$Logging" time="0.049"/>
  <testcase name="debugException[TRACE]" classname="org.tinylog.LoggerTest$Logging" time="0.034"/>
  <testcase name="traceExceptionWithMessage[TRACE]" classname="org.tinylog.LoggerTest$Logging" time="0.055"/>
  <testcase name="isErrorEnabled[DEBUG]" classname="org.tinylog.LoggerTest$Logging" time="0.039"/>
  <testcase name="isTraceEnabled[DEBUG]" classname="org.tinylog.LoggerTest$Logging" time="0.037"/>
  <testcase name="debugMessageAndArguments[DEBUG]" classname="org.tinylog.LoggerTest$Logging" time="0.032"/>
  <testcase name="infoExceptionWithMessage[DEBUG]" classname="org.tinylog.LoggerTest$Logging" time="0.025"/>
  <testcase name="errorExceptionWithMessage[DEBUG]" classname="org.tinylog.LoggerTest$Logging" time="0.048"/>
  <testcase name="warnExceptionWithMessageAndArguments[DEBUG]" classname="org.tinylog.LoggerTest$Logging" time="0.041"/>
  <testcase name="debugObject[DEBUG]" classname="org.tinylog.LoggerTest$Logging" time="0.051"/>
  <testcase name="isDebugEnabled[DEBUG]" classname="org.tinylog.LoggerTest$Logging" time="0.032"/>
  <testcase name="errorObject[DEBUG]" classname="org.tinylog.LoggerTest$Logging" time="0.041"/>
  <testcase name="infoObject[DEBUG]" classname="org.tinylog.LoggerTest$Logging" time="0.035"/>
  <testcase name="debugExceptionWithMessageAndArguments[DEBUG]" classname="org.tinylog.LoggerTest$Logging" time="0.046"/>
  <testcase name="traceMessageAndArguments[DEBUG]" classname="org.tinylog.LoggerTest$Logging" time="0.09"/>
  <testcase name="warnExceptionWithMessage[DEBUG]" classname="org.tinylog.LoggerTest$Logging" time="0.045"/>
  <testcase name="isInfoEnabled[DEBUG]" classname="org.tinylog.LoggerTest$Logging" time="0.045"/>
  <testcase name="warnException[DEBUG]" classname="org.tinylog.LoggerTest$Logging" time="0.039"/>
  <testcase name="errorException[DEBUG]" classname="org.tinylog.LoggerTest$Logging" time="0.037"/>
  <testcase name="warnMessageAndArguments[DEBUG]" classname="org.tinylog.LoggerTest$Logging" time="0.044"/>
  <testcase name="coveredByMinimumLevel[DEBUG]" classname="org.tinylog.LoggerTest$Logging" time="0.043"/>
  <testcase name="traceObject[DEBUG]" classname="org.tinylog.LoggerTest$Logging" time="0.051"/>
  <testcase name="infoMessageAndArguments[DEBUG]" classname="org.tinylog.LoggerTest$Logging" time="0.04"/>
  <testcase name="infoExceptionWithMessageAndArguments[DEBUG]" classname="org.tinylog.LoggerTest$Logging" time="0.035"/>
  <testcase name="isWarnEnabled[DEBUG]" classname="org.tinylog.LoggerTest$Logging" time="0.037"/>
  <testcase name="errorExceptionWithMessageAndArguments[DEBUG]" classname="org.tinylog.LoggerTest$Logging" time="0.037"/>
  <testcase name="infoException[DEBUG]" classname="org.tinylog.LoggerTest$Logging" time="0.05"/>
  <testcase name="traceExceptionWithMessageAndArguments[DEBUG]" classname="org.tinylog.LoggerTest$Logging" time="0.029"/>
  <testcase name="traceException[DEBUG]" classname="org.tinylog.LoggerTest$Logging" time="0.035"/>
  <testcase name="debugExceptionWithMessage[DEBUG]" classname="org.tinylog.LoggerTest$Logging" time="0.045"/>
  <testcase name="warnObject[DEBUG]" classname="org.tinylog.LoggerTest$Logging" time="0.029"/>
  <testcase name="errorMessageAndArguments[DEBUG]" classname="org.tinylog.LoggerTest$Logging" time="0.031"/>
  <testcase name="debugException[DEBUG]" classname="org.tinylog.LoggerTest$Logging" time="0.043"/>
  <testcase name="traceExceptionWithMessage[DEBUG]" classname="org.tinylog.LoggerTest$Logging" time="0.043"/>
  <testcase name="isErrorEnabled[INFO]" classname="org.tinylog.LoggerTest$Logging" time="0.026"/>
  <testcase name="isTraceEnabled[INFO]" classname="org.tinylog.LoggerTest$Logging" time="0.044"/>
  <testcase name="debugMessageAndArguments[INFO]" classname="org.tinylog.LoggerTest$Logging" time="0.039"/>
  <testcase name="infoExceptionWithMessage[INFO]" classname="org.tinylog.LoggerTest$Logging" time="0.029"/>
  <testcase name="errorExceptionWithMessage[INFO]" classname="org.tinylog.LoggerTest$Logging" time="0.047"/>
  <testcase name="warnExceptionWithMessageAndArguments[INFO]" classname="org.tinylog.LoggerTest$Logging" time="0.029"/>
  <testcase name="debugObject[INFO]" classname="org.tinylog.LoggerTest$Logging" time="0.036"/>
  <testcase name="isDebugEnabled[INFO]" classname="org.tinylog.LoggerTest$Logging" time="0.036"/>
  <testcase name="errorObject[INFO]" classname="org.tinylog.LoggerTest$Logging" time="0.045"/>
  <testcase name="infoObject[INFO]" classname="org.tinylog.LoggerTest$Logging" time="0.019"/>
  <testcase name="debugExceptionWithMessageAndArguments[INFO]" classname="org.tinylog.LoggerTest$Logging" time="0.036"/>
  <testcase name="traceMessageAndArguments[INFO]" classname="org.tinylog.LoggerTest$Logging" time="0.015"/>
  <testcase name="warnExceptionWithMessage[INFO]" classname="org.tinylog.LoggerTest$Logging" time="0.036"/>
  <testcase name="isInfoEnabled[INFO]" classname="org.tinylog.LoggerTest$Logging" time="0.042"/>
  <testcase name="warnException[INFO]" classname="org.tinylog.LoggerTest$Logging" time="0.029"/>
  <testcase name="errorException[INFO]" classname="org.tinylog.LoggerTest$Logging" time="0.029"/>
  <testcase name="warnMessageAndArguments[INFO]" classname="org.tinylog.LoggerTest$Logging" time="0.026"/>
  <testcase name="coveredByMinimumLevel[INFO]" classname="org.tinylog.LoggerTest$Logging" time="0.038"/>
  <testcase name="traceObject[INFO]" classname="org.tinylog.LoggerTest$Logging" time="0.021"/>
  <testcase name="infoMessageAndArguments[INFO]" classname="org.tinylog.LoggerTest$Logging" time="0.031"/>
  <testcase name="infoExceptionWithMessageAndArguments[INFO]" classname="org.tinylog.LoggerTest$Logging" time="0.014"/>
  <testcase name="isWarnEnabled[INFO]" classname="org.tinylog.LoggerTest$Logging" time="0.029"/>
  <testcase name="errorExceptionWithMessageAndArguments[INFO]" classname="org.tinylog.LoggerTest$Logging" time="0.029"/>
  <testcase name="infoException[INFO]" classname="org.tinylog.LoggerTest$Logging" time="0.039"/>
  <testcase name="traceExceptionWithMessageAndArguments[INFO]" classname="org.tinylog.LoggerTest$Logging" time="0.013"/>
  <testcase name="traceException[INFO]" classname="org.tinylog.LoggerTest$Logging" time="0.024"/>
  <testcase name="debugExceptionWithMessage[INFO]" classname="org.tinylog.LoggerTest$Logging" time="0.025"/>
  <testcase name="warnObject[INFO]" classname="org.tinylog.LoggerTest$Logging" time="0.013"/>
  <testcase name="errorMessageAndArguments[INFO]" classname="org.tinylog.LoggerTest$Logging" time="0.025"/>
  <testcase name="debugException[INFO]" classname="org.tinylog.LoggerTest$Logging" time="0.011"/>
  <testcase name="traceExceptionWithMessage[INFO]" classname="org.tinylog.LoggerTest$Logging" time="0.023"/>
  <testcase name="isErrorEnabled[WARNING]" classname="org.tinylog.LoggerTest$Logging" time="0.029"/>
  <testcase name="isTraceEnabled[WARNING]" classname="org.tinylog.LoggerTest$Logging" time="0.026"/>
  <testcase name="debugMessageAndArguments[WARNING]" classname="org.tinylog.LoggerTest$Logging" time="0.025"/>
  <testcase name="infoExceptionWithMessage[WARNING]" classname="org.tinylog.LoggerTest$Logging" time="0.019"/>
  <testcase name="errorExceptionWithMessage[WARNING]" classname="org.tinylog.LoggerTest$Logging" time="0.028"/>
  <testcase name="warnExceptionWithMessageAndArguments[WARNING]" classname="org.tinylog.LoggerTest$Logging" time="0.027"/>
  <testcase name="debugObject[WARNING]" classname="org.tinylog.LoggerTest$Logging" time="0.024"/>
  <testcase name="isDebugEnabled[WARNING]" classname="org.tinylog.LoggerTest$Logging" time="0.01"/>
  <testcase name="errorObject[WARNING]" classname="org.tinylog.LoggerTest$Logging" time="0.027"/>
  <testcase name="infoObject[WARNING]" classname="org.tinylog.LoggerTest$Logging" time="0.014"/>
  <testcase name="debugExceptionWithMessageAndArguments[WARNING]" classname="org.tinylog.LoggerTest$Logging" time="0.012"/>
  <testcase name="traceMessageAndArguments[WARNING]" classname="org.tinylog.LoggerTest$Logging" time="0.021"/>
  <testcase name="warnExceptionWithMessage[WARNING]" classname="org.tinylog.LoggerTest$Logging" time="0.024"/>
  <testcase name="isInfoEnabled[WARNING]" classname="org.tinylog.LoggerTest$Logging" time="0.027"/>
  <testcase name="warnException[WARNING]" classname="org.tinylog.LoggerTest$Logging" time="0.025"/>
  <testcase name="errorException[WARNING]" classname="org.tinylog.LoggerTest$Logging" time="0.01"/>
  <testcase name="warnMessageAndArguments[WARNING]" classname="org.tinylog.LoggerTest$Logging" time="0.01"/>
  <testcase name="coveredByMinimumLevel[WARNING]" classname="org.tinylog.LoggerTest$Logging" time="0.021"/>
  <testcase name="traceObject[WARNING]" classname="org.tinylog.LoggerTest$Logging" time="0.01"/>
  <testcase name="infoMessageAndArguments[WARNING]" classname="org.tinylog.LoggerTest$Logging" time="0.01"/>
  <testcase name="infoExceptionWithMessageAndArguments[WARNING]" classname="org.tinylog.LoggerTest$Logging" time="0.023"/>
  <testcase name="isWarnEnabled[WARNING]" classname="org.tinylog.LoggerTest$Logging" time="0.012"/>
  <testcase name="errorExceptionWithMessageAndArguments[WARNING]" classname="org.tinylog.LoggerTest$Logging" time="0.023"/>
  <testcase name="infoException[WARNING]" classname="org.tinylog.LoggerTest$Logging" time="0.025"/>
  <testcase name="traceExceptionWithMessageAndArguments[WARNING]" classname="org.tinylog.LoggerTest$Logging" time="0.011"/>
  <testcase name="traceException[WARNING]" classname="org.tinylog.LoggerTest$Logging" time="0.026"/>
  <testcase name="debugExceptionWithMessage[WARNING]" classname="org.tinylog.LoggerTest$Logging" time="0.021"/>
  <testcase name="warnObject[WARNING]" classname="org.tinylog.LoggerTest$Logging" time="0.024"/>
  <testcase name="errorMessageAndArguments[WARNING]" classname="org.tinylog.LoggerTest$Logging" time="0.011"/>
  <testcase name="debugException[WARNING]" classname="org.tinylog.LoggerTest$Logging" time="0.033"/>
  <testcase name="traceExceptionWithMessage[WARNING]" classname="org.tinylog.LoggerTest$Logging" time="0.01"/>
  <testcase name="isErrorEnabled[ERROR]" classname="org.tinylog.LoggerTest$Logging" time="0.028"/>
  <testcase name="isTraceEnabled[ERROR]" classname="org.tinylog.LoggerTest$Logging" time="0.029"/>
  <testcase name="debugMessageAndArguments[ERROR]" classname="org.tinylog.LoggerTest$Logging" time="0.014"/>
  <testcase name="infoExceptionWithMessage[ERROR]" classname="org.tinylog.LoggerTest$Logging" time="0.038"/>
  <testcase name="errorExceptionWithMessage[ERROR]" classname="org.tinylog.LoggerTest$Logging" time="0.01"/>
  <testcase name="warnExceptionWithMessageAndArguments[ERROR]" classname="org.tinylog.LoggerTest$Logging" time="0.02"/>
  <testcase name="debugObject[ERROR]" classname="org.tinylog.LoggerTest$Logging" time="0.019"/>
  <testcase name="isDebugEnabled[ERROR]" classname="org.tinylog.LoggerTest$Logging" time="0.024"/>
  <testcase name="errorObject[ERROR]" classname="org.tinylog.LoggerTest$Logging" time="0.034"/>
  <testcase name="infoObject[ERROR]" classname="org.tinylog.LoggerTest$Logging" time="0.021"/>
  <testcase name="debugExceptionWithMessageAndArguments[ERROR]" classname="org.tinylog.LoggerTest$Logging" time="0.03"/>
  <testcase name="traceMessageAndArguments[ERROR]" classname="org.tinylog.LoggerTest$Logging" time="0.014"/>
  <testcase name="warnExceptionWithMessage[ERROR]" classname="org.tinylog.LoggerTest$Logging" time="0.038"/>
  <testcase name="isInfoEnabled[ERROR]" classname="org.tinylog.LoggerTest$Logging" time="0.01"/>
  <testcase name="warnException[ERROR]" classname="org.tinylog.LoggerTest$Logging" time="0.043"/>
  <testcase name="errorException[ERROR]" classname="org.tinylog.LoggerTest$Logging" time="0.03"/>
  <testcase name="warnMessageAndArguments[ERROR]" classname="org.tinylog.LoggerTest$Logging" time="0.024"/>
  <testcase name="coveredByMinimumLevel[ERROR]" classname="org.tinylog.LoggerTest$Logging" time="0.025"/>
  <testcase name="traceObject[ERROR]" classname="org.tinylog.LoggerTest$Logging" time="0.016"/>
  <testcase name="infoMessageAndArguments[ERROR]" classname="org.tinylog.LoggerTest$Logging" time="0.026"/>
  <testcase name="infoExceptionWithMessageAndArguments[ERROR]" classname="org.tinylog.LoggerTest$Logging" time="0.02"/>
  <testcase name="isWarnEnabled[ERROR]" classname="org.tinylog.LoggerTest$Logging" time="0.023"/>
  <testcase name="errorExceptionWithMessageAndArguments[ERROR]" classname="org.tinylog.LoggerTest$Logging" time="0.02"/>
  <testcase name="infoException[ERROR]" classname="org.tinylog.LoggerTest$Logging" time="0.024"/>
  <testcase name="traceExceptionWithMessageAndArguments[ERROR]" classname="org.tinylog.LoggerTest$Logging" time="0.038"/>
  <testcase name="traceException[ERROR]" classname="org.tinylog.LoggerTest$Logging" time="0.019"/>
  <testcase name="debugExceptionWithMessage[ERROR]" classname="org.tinylog.LoggerTest$Logging" time="0.012"/>
  <testcase name="warnObject[ERROR]" classname="org.tinylog.LoggerTest$Logging" time="0.033"/>
  <testcase name="errorMessageAndArguments[ERROR]" classname="org.tinylog.LoggerTest$Logging" time="0.028"/>
  <testcase name="debugException[ERROR]" classname="org.tinylog.LoggerTest$Logging" time="0.027"/>
  <testcase name="traceExceptionWithMessage[ERROR]" classname="org.tinylog.LoggerTest$Logging" time="0.015"/>
  <testcase name="isErrorEnabled[OFF]" classname="org.tinylog.LoggerTest$Logging" time="0.012"/>
  <testcase name="isTraceEnabled[OFF]" classname="org.tinylog.LoggerTest$Logging" time="0.027"/>
  <testcase name="debugMessageAndArguments[OFF]" classname="org.tinylog.LoggerTest$Logging" time="0.01"/>
  <testcase name="infoExceptionWithMessage[OFF]" classname="org.tinylog.LoggerTest$Logging" time="0.014"/>
  <testcase name="errorExceptionWithMessage[OFF]" classname="org.tinylog.LoggerTest$Logging" time="0.027"/>
  <testcase name="warnExceptionWithMessageAndArguments[OFF]" classname="org.tinylog.LoggerTest$Logging" time="0.029"/>
  <testcase name="debugObject[OFF]" classname="org.tinylog.LoggerTest$Logging" time="0.011"/>
  <testcase name="isDebugEnabled[OFF]" classname="org.tinylog.LoggerTest$Logging" time="0.024"/>
  <testcase name="errorObject[OFF]" classname="org.tinylog.LoggerTest$Logging" time="0.027"/>
  <testcase name="infoObject[OFF]" classname="org.tinylog.LoggerTest$Logging" time="0.012"/>
  <testcase name="debugExceptionWithMessageAndArguments[OFF]" classname="org.tinylog.LoggerTest$Logging" time="0.015"/>
  <testcase name="traceMessageAndArguments[OFF]" classname="org.tinylog.LoggerTest$Logging" time="0.009"/>
  <testcase name="warnExceptionWithMessage[OFF]" classname="org.tinylog.LoggerTest$Logging" time="0.024"/>
  <testcase name="isInfoEnabled[OFF]" classname="org.tinylog.LoggerTest$Logging" time="0.02"/>
  <testcase name="warnException[OFF]" classname="org.tinylog.LoggerTest$Logging" time="0.009"/>
  <testcase name="errorException[OFF]" classname="org.tinylog.LoggerTest$Logging" time="0.022"/>
  <testcase name="warnMessageAndArguments[OFF]" classname="org.tinylog.LoggerTest$Logging" time="0.019"/>
  <testcase name="coveredByMinimumLevel[OFF]" classname="org.tinylog.LoggerTest$Logging" time="0.015"/>
  <testcase name="traceObject[OFF]" classname="org.tinylog.LoggerTest$Logging" time="0.012"/>
  <testcase name="infoMessageAndArguments[OFF]" classname="org.tinylog.LoggerTest$Logging" time="0.028"/>
  <testcase name="infoExceptionWithMessageAndArguments[OFF]" classname="org.tinylog.LoggerTest$Logging" time="0.011"/>
  <testcase name="isWarnEnabled[OFF]" classname="org.tinylog.LoggerTest$Logging" time="0.018"/>
  <testcase name="errorExceptionWithMessageAndArguments[OFF]" classname="org.tinylog.LoggerTest$Logging" time="0.012"/>
  <testcase name="infoException[OFF]" classname="org.tinylog.LoggerTest$Logging" time="0.01"/>
  <testcase name="traceExceptionWithMessageAndArguments[OFF]" classname="org.tinylog.LoggerTest$Logging" time="0.028"/>
  <testcase name="traceException[OFF]" classname="org.tinylog.LoggerTest$Logging" time="0.011"/>
  <testcase name="debugExceptionWithMessage[OFF]" classname="org.tinylog.LoggerTest$Logging" time="0.022"/>
  <testcase name="warnObject[OFF]" classname="org.tinylog.LoggerTest$Logging" time="0.019"/>
  <testcase name="errorMessageAndArguments[OFF]" classname="org.tinylog.LoggerTest$Logging" time="0.009"/>
  <testcase name="debugException[OFF]" classname="org.tinylog.LoggerTest$Logging" time="0.038"/>
  <testcase name="traceExceptionWithMessage[OFF]" classname="org.tinylog.LoggerTest$Logging" time="0.03"/>
</testsuite>