<?xml version="1.0" encoding="UTF-8"?>
<testsuite xmlns:xsi="http://www.w3.org/2001/XMLSchema-instance" xsi:noNamespaceSchemaLocation="https://maven.apache.org/surefire/maven-surefire-plugin/xsd/surefire-test-report.xsd" name="learnositysdk.request.InitTest" time="0.205" tests="8" errors="0" skipped="0" failures="1">
  <properties>
    <property name="awt.toolkit" value="sun.awt.X11.XToolkit"/>
    <property name="file.encoding.pkg" value="sun.io"/>
    <property name="java.specification.version" value="1.8"/>
    <property name="sun.cpu.isalist" value=""/>
    <property name="sun.jnu.encoding" value="UTF-8"/>
    <property name="java.class.path" value="/scratch/dginelli/workspace/repairnator-repairnator-experiments-Learnosity-learnosity-sdk-java-385017984-20180529-063648-firstCommit/target/test-classes:/scratch/dginelli/workspace/repairnator-repairnator-experiments-Learnosity-learnosity-sdk-java-385017984-20180529-063648-firstCommit/target/classes:/scratch/dginelli/workspace/repairnator-repairnator-experiments-Learnosity-learnosity-sdk-java-385017984-20180529-063648-firstCommit/.m2/commons-codec/commons-codec/1.6/commons-codec-1.6.jar:/scratch/dginelli/workspace/repairnator-repairnator-experiments-Learnosity-learnosity-sdk-java-385017984-20180529-063648-firstCommit/.m2/org/apache/commons/commons-lang3/3.5/commons-lang3-3.5.jar:/scratch/dginelli/workspace/repairnator-repairnator-experiments-Learnosity-learnosity-sdk-java-385017984-20180529-063648-firstCommit/.m2/commons-io/commons-io/2.5/commons-io-2.5.jar:/scratch/dginelli/workspace/repairnator-repairnator-experiments-Learnosity-learnosity-sdk-java-385017984-20180529-063648-firstCommit/.m2/commons-logging/commons-logging/1.1.3/commons-logging-1.1.3.jar:/scratch/dginelli/workspace/repairnator-repairnator-experiments-Learnosity-learnosity-sdk-java-385017984-20180529-063648-firstCommit/.m2/org/apache/httpcomponents/httpclient/4.3.4/httpclient-4.3.4.jar:/scratch/dginelli/workspace/repairnator-repairnator-experiments-Learnosity-learnosity-sdk-java-385017984-20180529-063648-firstCommit/.m2/org/apache/httpcomponents/httpcore/4.3.2/httpcore-4.3.2.jar:/scratch/dginelli/workspace/repairnator-repairnator-experiments-Learnosity-learnosity-sdk-java-385017984-20180529-063648-firstCommit/.m2/org/json/json/20070829/json-20070829.jar:/scratch/dginelli/workspace/repairnator-repairnator-experiments-Learnosity-learnosity-sdk-java-385017984-20180529-063648-firstCommit/.m2/junit/junit/3.8.1/junit-3.8.1.jar:"/>
    <property name="java.vm.vendor" value="Oracle Corporation"/>
    <property name="skip.bower" value="true"/>
    <property name="sun.arch.data.model" value="64"/>
    <property name="java.vendor.url" value="http://java.oracle.com/"/>
    <property name="user.timezone" value=""/>
    <property name="java.vm.specification.version" value="1.8"/>
    <property name="os.name" value="Linux"/>
    <property name="rat.skip" value="true"/>
    <property name="gpg.skip" value="true"/>
    <property name="user.country" value="US"/>
    <property name="sun.java.launcher" value="SUN_STANDARD"/>
    <property name="sun.boot.library.path" value="/cvmfs/ebsw.hpc2n.umu.se/amd64_ubuntu1604_common/software/Core/Java/1.8.0_202/jre/lib/amd64"/>
    <property name="skip.gulp" value="true"/>
    <property name="sun.java.command" value="/scratch/dginelli/workspace/repairnator-repairnator-experiments-Learnosity-learnosity-sdk-java-385017984-20180529-063648-firstCommit/target/surefire/surefirebooter3233271975720908921.jar /scratch/dginelli/workspace/repairnator-repairnator-experiments-Learnosity-learnosity-sdk-java-385017984-20180529-063648-firstCommit/target/surefire 2020-02-15T18-14-24_575-jvmRun1 surefire1862904368075796091tmp surefire_07057692281231871099tmp"/>
    <property name="dependency-check.skip" value="true"/>
    <property name="surefire.test.class.path" value="/scratch/dginelli/workspace/repairnator-repairnator-experiments-Learnosity-learnosity-sdk-java-385017984-20180529-063648-firstCommit/target/test-classes:/scratch/dginelli/workspace/repairnator-repairnator-experiments-Learnosity-learnosity-sdk-java-385017984-20180529-063648-firstCommit/target/classes:/scratch/dginelli/workspace/repairnator-repairnator-experiments-Learnosity-learnosity-sdk-java-385017984-20180529-063648-firstCommit/.m2/commons-codec/commons-codec/1.6/commons-codec-1.6.jar:/scratch/dginelli/workspace/repairnator-repairnator-experiments-Learnosity-learnosity-sdk-java-385017984-20180529-063648-firstCommit/.m2/org/apache/commons/commons-lang3/3.5/commons-lang3-3.5.jar:/scratch/dginelli/workspace/repairnator-repairnator-experiments-Learnosity-learnosity-sdk-java-385017984-20180529-063648-firstCommit/.m2/commons-io/commons-io/2.5/commons-io-2.5.jar:/scratch/dginelli/workspace/repairnator-repairnator-experiments-Learnosity-learnosity-sdk-java-385017984-20180529-063648-firstCommit/.m2/commons-logging/commons-logging/1.1.3/commons-logging-1.1.3.jar:/scratch/dginelli/workspace/repairnator-repairnator-experiments-Learnosity-learnosity-sdk-java-385017984-20180529-063648-firstCommit/.m2/org/apache/httpcomponents/httpclient/4.3.4/httpclient-4.3.4.jar:/scratch/dginelli/workspace/repairnator-repairnator-experiments-Learnosity-learnosity-sdk-java-385017984-20180529-063648-firstCommit/.m2/org/apache/httpcomponents/httpcore/4.3.2/httpcore-4.3.2.jar:/scratch/dginelli/workspace/repairnator-repairnator-experiments-Learnosity-learnosity-sdk-java-385017984-20180529-063648-firstCommit/.m2/org/json/json/20070829/json-20070829.jar:/scratch/dginelli/workspace/repairnator-repairnator-experiments-Learnosity-learnosity-sdk-java-385017984-20180529-063648-firstCommit/.m2/junit/junit/3.8.1/junit-3.8.1.jar:"/>
    <property name="sun.cpu.endian" value="little"/>
    <property name="user.home" value="/home/d/dginelli"/>
    <property name="user.language" value="en"/>
    <property name="java.specification.vendor" value="Oracle Corporation"/>
    <property name="java.home" value="/cvmfs/ebsw.hpc2n.umu.se/amd64_ubuntu1604_common/software/Core/Java/1.8.0_202/jre"/>
    <property name="basedir" value="/scratch/dginelli/workspace/repairnator-repairnator-experiments-Learnosity-learnosity-sdk-java-385017984-20180529-063648-firstCommit"/>
    <property name="file.separator" value="/"/>
    <property name="line.separator" value="&#10;"/>
    <property name="skip.npm" value="true"/>
    <property name="java.vm.specification.vendor" value="Oracle Corporation"/>
    <property name="java.specification.name" value="Java Platform API Specification"/>
    <property name="java.awt.graphicsenv" value="sun.awt.X11GraphicsEnvironment"/>
    <property name="skipITs" value="true"/>
    <property name="surefire.real.class.path" value="/scratch/dginelli/workspace/repairnator-repairnator-experiments-Learnosity-learnosity-sdk-java-385017984-20180529-063648-firstCommit/target/surefire/surefirebooter3233271975720908921.jar"/>
    <property name="cobertura.skip" value="true"/>
    <property name="sun.boot.class.path" value="/cvmfs/ebsw.hpc2n.umu.se/amd64_ubuntu1604_common/software/Core/Java/1.8.0_202/jre/lib/resources.jar:/cvmfs/ebsw.hpc2n.umu.se/amd64_ubuntu1604_common/software/Core/Java/1.8.0_202/jre/lib/rt.jar:/cvmfs/ebsw.hpc2n.umu.se/amd64_ubuntu1604_common/software/Core/Java/1.8.0_202/jre/lib/sunrsasign.jar:/cvmfs/ebsw.hpc2n.umu.se/amd64_ubuntu1604_common/software/Core/Java/1.8.0_202/jre/lib/jsse.jar:/cvmfs/ebsw.hpc2n.umu.se/amd64_ubuntu1604_common/software/Core/Java/1.8.0_202/jre/lib/jce.jar:/cvmfs/ebsw.hpc2n.umu.se/amd64_ubuntu1604_common/software/Core/Java/1.8.0_202/jre/lib/charsets.jar:/cvmfs/ebsw.hpc2n.umu.se/amd64_ubuntu1604_common/software/Core/Java/1.8.0_202/jre/lib/jfr.jar:/cvmfs/ebsw.hpc2n.umu.se/amd64_ubuntu1604_common/software/Core/Java/1.8.0_202/jre/classes"/>
    <property name="sun.management.compiler" value="HotSpot 64-Bit Tiered Compilers"/>
    <property name="java.runtime.version" value="1.8.0_202-b08"/>
    <property name="user.name" value="dginelli"/>
    <property name="findbugs.skip" value="true"/>
    <property name="path.separator" value=":"/>
    <property name="os.version" value="4.15.0-76-generic"/>
    <property name="java.endorsed.dirs" value="/cvmfs/ebsw.hpc2n.umu.se/amd64_ubuntu1604_common/software/Core/Java/1.8.0_202/jre/lib/endorsed"/>
    <property name="java.runtime.name" value="Java(TM) SE Runtime Environment"/>
    <property name="file.encoding" value="UTF-8"/>
    <property name="java.vm.name" value="Java HotSpot(TM) 64-Bit Server VM"/>
    <property name="localRepository" value="/scratch/dginelli/workspace/repairnator-repairnator-experiments-Learnosity-learnosity-sdk-java-385017984-20180529-063648-firstCommit/.m2"/>
    <property name="java.vendor.url.bug" value="http://bugreport.sun.com/bugreport/"/>
    <property name="java.io.tmpdir" value="/tmp"/>
    <property name="java.version" value="1.8.0_202"/>
    <property name="user.dir" value="/scratch/dginelli/workspace/repairnator-repairnator-experiments-Learnosity-learnosity-sdk-java-385017984-20180529-063648-firstCommit"/>
    <property name="os.arch" value="amd64"/>
    <property name="license.skip" value="true"/>
    <property name="java.vm.specification.name" value="Java Virtual Machine Specification"/>
    <property name="java.awt.printerjob" value="sun.print.PSPrinterJob"/>
    <property name="sun.os.patch.level" value="unknown"/>
    <property name="java.library.path" value="/hpc2n/eb/software/Core/Maven/3.6.0/lib:/hpc2n/eb/software/Core/Java/1.8.0_202/lib:/usr/java/packages/lib/amd64:/usr/lib64:/lib64:/lib:/usr/lib"/>
    <property name="java.vm.info" value="mixed mode"/>
    <property name="java.vendor" value="Oracle Corporation"/>
    <property name="java.vm.version" value="25.202-b08"/>
    <property name="java.ext.dirs" value="/cvmfs/ebsw.hpc2n.umu.se/amd64_ubuntu1604_common/software/Core/Java/1.8.0_202/jre/lib/ext:/usr/java/packages/lib/ext"/>
    <property name="sun.io.unicode.encoding" value="UnicodeLittle"/>
    <property name="maven.repo.local" value="/scratch/dginelli/workspace/repairnator-repairnator-experiments-Learnosity-learnosity-sdk-java-385017984-20180529-063648-firstCommit/.m2"/>
    <property name="enforcer.skip" value="true"/>
    <property name="java.class.version" value="52.0"/>
  </properties>
  <testcase name="testInitGenerate" classname="learnositysdk.request.InitTest" time="0.089"/>
  <testcase name="testInitGenerateFromString" classname="learnositysdk.request.InitTest" time="0.001"/>
  <testcase name="testInitGenerateFromHashMap" classname="learnositysdk.request.InitTest" time="0.002"/>
  <testcase name="testInitAssessGenerate" classname="learnositysdk.request.InitTest" time="0.036"/>
  <testcase name="testInitQuestionsGenerateFromString" classname="learnositysdk.request.InitTest" time="0.001"/>
  <testcase name="testInitEventsGenerate" classname="learnositysdk.request.InitTest" time="0.001"/>
  <testcase name="testInitItemsGenerate" classname="learnositysdk.request.InitTest" time="0.02">
    <failure message="Errors in the Items initialisation expected:&lt;7f0caf13a11f525be9fd57a95979a00cb895cad43a4d8617f73262329ed866c5&gt; but was:&lt;c4ef178bc2ab3666e8ca6055e132dba7f670efaf57204ef08e0773387025f96f&gt;" type="junit.framework.ComparisonFailure"><![CDATA[junit.framework.ComparisonFailure: Errors in the Items initialisation expected:<7f0caf13a11f525be9fd57a95979a00cb895cad43a4d8617f73262329ed866c5> but was:<c4ef178bc2ab3666e8ca6055e132dba7f670efaf57204ef08e0773387025f96f>
	at junit.framework.Assert.assertEquals(Assert.java:81)
	at learnositysdk.request.InitTest.testInitItemsGenerate(InitTest.java:197)
]]></failure>
    <system-out><![CDATA[Init Items: Generate
]]></system-out>
  </testcase>
  <testcase name="testInitQuestionsGenerate" classname="learnositysdk.request.InitTest" time="0.001"/>
</testsuite>