<?xml version="1.0" encoding="UTF-8"?>
<testsuite xmlns:xsi="http://www.w3.org/2001/XMLSchema-instance" xsi:schemaLocation="https://maven.apache.org/surefire/maven-surefire-plugin/xsd/surefire-test-report.xsd" name="com.google.errorprone.bugpatterns.AssertThrowsMultipleStatementsTest" time="0.336" tests="1" errors="0" skipped="0" failures="0">
  <properties>
    <property name="java.vendor" value="Oracle Corporation"/>
    <property name="sun.java.launcher" value="SUN_STANDARD"/>
    <property name="sun.management.compiler" value="HotSpot 64-Bit Tiered Compilers"/>
    <property name="os.name" value="Linux"/>
    <property name="sun.boot.class.path" value="/cvmfs/ebsw.hpc2n.umu.se/amd64_ubuntu1604_common/software/Core/Java/1.8.0_202/jre/lib/resources.jar:/cvmfs/ebsw.hpc2n.umu.se/amd64_ubuntu1604_common/software/Core/Java/1.8.0_202/jre/lib/rt.jar:/cvmfs/ebsw.hpc2n.umu.se/amd64_ubuntu1604_common/software/Core/Java/1.8.0_202/jre/lib/sunrsasign.jar:/cvmfs/ebsw.hpc2n.umu.se/amd64_ubuntu1604_common/software/Core/Java/1.8.0_202/jre/lib/jsse.jar:/cvmfs/ebsw.hpc2n.umu.se/amd64_ubuntu1604_common/software/Core/Java/1.8.0_202/jre/lib/jce.jar:/cvmfs/ebsw.hpc2n.umu.se/amd64_ubuntu1604_common/software/Core/Java/1.8.0_202/jre/lib/charsets.jar:/cvmfs/ebsw.hpc2n.umu.se/amd64_ubuntu1604_common/software/Core/Java/1.8.0_202/jre/lib/jfr.jar:/cvmfs/ebsw.hpc2n.umu.se/amd64_ubuntu1604_common/software/Core/Java/1.8.0_202/jre/classes"/>
    <property name="cobertura.skip" value="true"/>
    <property name="findbugs.skip" value="true"/>
    <property name="java.vm.specification.vendor" value="Oracle Corporation"/>
    <property name="java.runtime.version" value="1.8.0_202-b08"/>
    <property name="user.name" value="dginelli"/>
    <property name="guice.disable.misplaced.annotation.check" value="true"/>
    <property name="maven.repo.local" value="/scratch/dginelli/workspace/repairnator-repairnator-experiments-google-error-prone-413405586-20180808-053324-firstCommit/.m2"/>
    <property name="user.language" value="en"/>
    <property name="sun.boot.library.path" value="/cvmfs/ebsw.hpc2n.umu.se/amd64_ubuntu1604_common/software/Core/Java/1.8.0_202/jre/lib/amd64"/>
    <property name="classworlds.conf" value="/usr/share/maven/bin/m2.conf"/>
    <property name="java.version" value="1.8.0_202"/>
    <property name="user.timezone" value="Europe/Stockholm"/>
    <property name="rat.skip" value="true"/>
    <property name="sun.arch.data.model" value="64"/>
    <property name="java.endorsed.dirs" value="/cvmfs/ebsw.hpc2n.umu.se/amd64_ubuntu1604_common/software/Core/Java/1.8.0_202/jre/lib/endorsed"/>
    <property name="sun.cpu.isalist" value=""/>
    <property name="sun.jnu.encoding" value="UTF-8"/>
    <property name="file.encoding.pkg" value="sun.io"/>
    <property name="file.separator" value="/"/>
    <property name="java.specification.name" value="Java Platform API Specification"/>
    <property name="java.class.version" value="52.0"/>
    <property name="user.country" value="US"/>
    <property name="securerandom.source" value="file:/dev/./urandom"/>
    <property name="java.home" value="/cvmfs/ebsw.hpc2n.umu.se/amd64_ubuntu1604_common/software/Core/Java/1.8.0_202/jre"/>
    <property name="java.vm.info" value="mixed mode"/>
    <property name="os.version" value="4.15.0-76-generic"/>
    <property name="path.separator" value=":"/>
    <property name="java.vm.version" value="25.202-b08"/>
    <property name="gpg.skip" value="true"/>
    <property name="java.awt.printerjob" value="sun.print.PSPrinterJob"/>
    <property name="sun.io.unicode.encoding" value="UnicodeLittle"/>
    <property name="awt.toolkit" value="sun.awt.X11.XToolkit"/>
    <property name="os.detected.release" value="ubuntu"/>
    <property name="user.home" value="/home/d/dginelli"/>
    <property name="java.specification.vendor" value="Oracle Corporation"/>
    <property name="java.library.path" value="/hpc2n/eb/software/Core/Maven/3.6.0/lib:/hpc2n/eb/software/Core/Java/1.8.0_202/lib:/usr/java/packages/lib/amd64:/usr/lib64:/lib64:/lib:/usr/lib"/>
    <property name="java.vendor.url" value="http://java.oracle.com/"/>
    <property name="java.vm.vendor" value="Oracle Corporation"/>
    <property name="os.detected.release.like.debian" value="true"/>
    <property name="dependency-check.skip" value="true"/>
    <property name="maven.home" value="/usr/share/maven"/>
    <property name="java.runtime.name" value="Java(TM) SE Runtime Environment"/>
    <property name="sun.java.command" value="org.codehaus.plexus.classworlds.launcher.Launcher -B -e -D enforcer.skip=true -D dependency-check.skip=true -D skipITs=true -D cobertura.skip=true -D maven.repo.local=/scratch/dginelli/workspace/repairnator-repairnator-experiments-google-error-prone-413405586-20180808-053324-firstCommit/.m2 -D rat.skip=true -D findbugs.skip=true -D skip.bower=true -D gpg.skip=true -D skip.gulp=true -D license.skip=true -D skip.npm=true test"/>
    <property name="java.class.path" value="/usr/share/maven/boot/plexus-classworlds-2.x.jar"/>
    <property name="os.detected.arch" value="x86_64"/>
    <property name="java.vm.specification.name" value="Java Virtual Machine Specification"/>
    <property name="java.vm.specification.version" value="1.8"/>
    <property name="sun.cpu.endian" value="little"/>
    <property name="sun.os.patch.level" value="unknown"/>
    <property name="os.detected.classifier" value="linux-x86_64"/>
    <property name="java.io.tmpdir" value="/tmp"/>
    <property name="java.vendor.url.bug" value="http://bugreport.sun.com/bugreport/"/>
    <property name="maven.multiModuleProjectDirectory" value="/scratch/dginelli/workspace/repairnator-repairnator-experiments-google-error-prone-413405586-20180808-053324-firstCommit"/>
    <property name="os.arch" value="amd64"/>
    <property name="java.awt.graphicsenv" value="sun.awt.X11GraphicsEnvironment"/>
    <property name="java.ext.dirs" value="/cvmfs/ebsw.hpc2n.umu.se/amd64_ubuntu1604_common/software/Core/Java/1.8.0_202/jre/lib/ext:/usr/java/packages/lib/ext"/>
    <property name="os.detected.release.version" value="16.04"/>
    <property name="user.dir" value="/scratch/dginelli/workspace/repairnator-repairnator-experiments-google-error-prone-413405586-20180808-053324-firstCommit"/>
    <property name="skipITs" value="true"/>
    <property name="line.separator" value="&#10;"/>
    <property name="java.vm.name" value="Java HotSpot(TM) 64-Bit Server VM"/>
    <property name="enforcer.skip" value="true"/>
    <property name="skip.gulp" value="true"/>
    <property name="skip.bower" value="true"/>
    <property name="skip.npm" value="true"/>
    <property name="file.encoding" value="UTF-8"/>
    <property name="os.detected.name" value="linux"/>
    <property name="license.skip" value="true"/>
    <property name="java.specification.version" value="1.8"/>
    <property name="os.detected.release.like.ubuntu" value="true"/>
  </properties>
  <testcase name="ignoreInThrowingRunnables" classname="com.google.errorprone.bugpatterns.AssertThrowsMultipleStatementsTest" time="0.334"/>
</testsuite>