<?xml version="1.0" encoding="UTF-8"?>
<testsuite xmlns:xsi="http://www.w3.org/2001/XMLSchema-instance" xsi:schemaLocation="https://maven.apache.org/surefire/maven-surefire-plugin/xsd/surefire-test-report.xsd" name="com.google.errorprone.bugpatterns.threadsafety.ImmutableCheckerTest" time="18.755" tests="96" errors="0" skipped="7" failures="0">
  <properties>
    <property name="java.vendor" value="Oracle Corporation"/>
    <property name="sun.java.launcher" value="SUN_STANDARD"/>
    <property name="sun.management.compiler" value="HotSpot 64-Bit Tiered Compilers"/>
    <property name="os.name" value="Linux"/>
    <property name="sun.boot.class.path" value="/cvmfs/ebsw.hpc2n.umu.se/amd64_ubuntu1604_common/software/Core/Java/1.8.0_202/jre/lib/resources.jar:/cvmfs/ebsw.hpc2n.umu.se/amd64_ubuntu1604_common/software/Core/Java/1.8.0_202/jre/lib/rt.jar:/cvmfs/ebsw.hpc2n.umu.se/amd64_ubuntu1604_common/software/Core/Java/1.8.0_202/jre/lib/sunrsasign.jar:/cvmfs/ebsw.hpc2n.umu.se/amd64_ubuntu1604_common/software/Core/Java/1.8.0_202/jre/lib/jsse.jar:/cvmfs/ebsw.hpc2n.umu.se/amd64_ubuntu1604_common/software/Core/Java/1.8.0_202/jre/lib/jce.jar:/cvmfs/ebsw.hpc2n.umu.se/amd64_ubuntu1604_common/software/Core/Java/1.8.0_202/jre/lib/charsets.jar:/cvmfs/ebsw.hpc2n.umu.se/amd64_ubuntu1604_common/software/Core/Java/1.8.0_202/jre/lib/jfr.jar:/cvmfs/ebsw.hpc2n.umu.se/amd64_ubuntu1604_common/software/Core/Java/1.8.0_202/jre/classes"/>
    <property name="cobertura.skip" value="true"/>
    <property name="findbugs.skip" value="true"/>
    <property name="java.vm.specification.vendor" value="Oracle Corporation"/>
    <property name="java.runtime.version" value="1.8.0_202-b08"/>
    <property name="user.name" value="dginelli"/>
    <property name="guice.disable.misplaced.annotation.check" value="true"/>
    <property name="maven.repo.local" value="/scratch/dginelli/workspace/repairnator-repairnator-experiments-google-error-prone-413405586-20180808-053324-firstCommit/.m2"/>
    <property name="user.language" value="en"/>
    <property name="sun.boot.library.path" value="/cvmfs/ebsw.hpc2n.umu.se/amd64_ubuntu1604_common/software/Core/Java/1.8.0_202/jre/lib/amd64"/>
    <property name="classworlds.conf" value="/usr/share/maven/bin/m2.conf"/>
    <property name="java.version" value="1.8.0_202"/>
    <property name="user.timezone" value="Europe/Stockholm"/>
    <property name="rat.skip" value="true"/>
    <property name="sun.arch.data.model" value="64"/>
    <property name="java.endorsed.dirs" value="/cvmfs/ebsw.hpc2n.umu.se/amd64_ubuntu1604_common/software/Core/Java/1.8.0_202/jre/lib/endorsed"/>
    <property name="sun.cpu.isalist" value=""/>
    <property name="sun.jnu.encoding" value="UTF-8"/>
    <property name="file.encoding.pkg" value="sun.io"/>
    <property name="file.separator" value="/"/>
    <property name="java.specification.name" value="Java Platform API Specification"/>
    <property name="java.class.version" value="52.0"/>
    <property name="user.country" value="US"/>
    <property name="securerandom.source" value="file:/dev/./urandom"/>
    <property name="java.home" value="/cvmfs/ebsw.hpc2n.umu.se/amd64_ubuntu1604_common/software/Core/Java/1.8.0_202/jre"/>
    <property name="java.vm.info" value="mixed mode"/>
    <property name="os.version" value="4.15.0-76-generic"/>
    <property name="path.separator" value=":"/>
    <property name="java.vm.version" value="25.202-b08"/>
    <property name="gpg.skip" value="true"/>
    <property name="java.awt.printerjob" value="sun.print.PSPrinterJob"/>
    <property name="sun.io.unicode.encoding" value="UnicodeLittle"/>
    <property name="awt.toolkit" value="sun.awt.X11.XToolkit"/>
    <property name="os.detected.release" value="ubuntu"/>
    <property name="user.home" value="/home/d/dginelli"/>
    <property name="java.specification.vendor" value="Oracle Corporation"/>
    <property name="java.library.path" value="/hpc2n/eb/software/Core/Maven/3.6.0/lib:/hpc2n/eb/software/Core/Java/1.8.0_202/lib:/usr/java/packages/lib/amd64:/usr/lib64:/lib64:/lib:/usr/lib"/>
    <property name="java.vendor.url" value="http://java.oracle.com/"/>
    <property name="java.vm.vendor" value="Oracle Corporation"/>
    <property name="os.detected.release.like.debian" value="true"/>
    <property name="dependency-check.skip" value="true"/>
    <property name="maven.home" value="/usr/share/maven"/>
    <property name="java.runtime.name" value="Java(TM) SE Runtime Environment"/>
    <property name="sun.java.command" value="org.codehaus.plexus.classworlds.launcher.Launcher -B -e -D enforcer.skip=true -D dependency-check.skip=true -D skipITs=true -D cobertura.skip=true -D maven.repo.local=/scratch/dginelli/workspace/repairnator-repairnator-experiments-google-error-prone-413405586-20180808-053324-firstCommit/.m2 -D rat.skip=true -D findbugs.skip=true -D skip.bower=true -D gpg.skip=true -D skip.gulp=true -D license.skip=true -D skip.npm=true test"/>
    <property name="java.class.path" value="/usr/share/maven/boot/plexus-classworlds-2.x.jar"/>
    <property name="os.detected.arch" value="x86_64"/>
    <property name="java.vm.specification.name" value="Java Virtual Machine Specification"/>
    <property name="java.vm.specification.version" value="1.8"/>
    <property name="sun.cpu.endian" value="little"/>
    <property name="sun.os.patch.level" value="unknown"/>
    <property name="os.detected.classifier" value="linux-x86_64"/>
    <property name="java.io.tmpdir" value="/tmp"/>
    <property name="java.vendor.url.bug" value="http://bugreport.sun.com/bugreport/"/>
    <property name="maven.multiModuleProjectDirectory" value="/scratch/dginelli/workspace/repairnator-repairnator-experiments-google-error-prone-413405586-20180808-053324-firstCommit"/>
    <property name="os.arch" value="amd64"/>
    <property name="java.awt.graphicsenv" value="sun.awt.X11GraphicsEnvironment"/>
    <property name="java.ext.dirs" value="/cvmfs/ebsw.hpc2n.umu.se/amd64_ubuntu1604_common/software/Core/Java/1.8.0_202/jre/lib/ext:/usr/java/packages/lib/ext"/>
    <property name="os.detected.release.version" value="16.04"/>
    <property name="user.dir" value="/scratch/dginelli/workspace/repairnator-repairnator-experiments-google-error-prone-413405586-20180808-053324-firstCommit"/>
    <property name="skipITs" value="true"/>
    <property name="line.separator" value="&#10;"/>
    <property name="java.vm.name" value="Java HotSpot(TM) 64-Bit Server VM"/>
    <property name="enforcer.skip" value="true"/>
    <property name="skip.gulp" value="true"/>
    <property name="skip.bower" value="true"/>
    <property name="skip.npm" value="true"/>
    <property name="file.encoding" value="UTF-8"/>
    <property name="os.detected.name" value="linux"/>
    <property name="license.skip" value="true"/>
    <property name="java.specification.version" value="1.8"/>
    <property name="os.detected.release.like.ubuntu" value="true"/>
  </properties>
  <testcase name="immutableTypeParameterUsage_interface" classname="com.google.errorprone.bugpatterns.threadsafety.ImmutableCheckerTest" time="0.207"/>
  <testcase name="immutableTypeParameter" classname="com.google.errorprone.bugpatterns.threadsafety.ImmutableCheckerTest" time="0.137"/>
  <testcase name="extendsImmutableAnnotated_substBounds" classname="com.google.errorprone.bugpatterns.threadsafety.ImmutableCheckerTest" time="0.127"/>
  <testcase name="immutableInstantiation_inferredImmutableType" classname="com.google.errorprone.bugpatterns.threadsafety.ImmutableCheckerTest" time="0.212"/>
  <testcase name="deeplyMutableTypeArguments" classname="com.google.errorprone.bugpatterns.threadsafety.ImmutableCheckerTest" time="0.164"/>
  <testcase name="negativeParametricAnonymous" classname="com.google.errorprone.bugpatterns.threadsafety.ImmutableCheckerTest" time="0.203"/>
  <testcase name="immutableInstantiation" classname="com.google.errorprone.bugpatterns.threadsafety.ImmutableCheckerTest" time="0.14"/>
  <testcase name="extendsImmutableAnnotated_mutableBounds" classname="com.google.errorprone.bugpatterns.threadsafety.ImmutableCheckerTest" time="0.217"/>
  <testcase name="mutableEnum" classname="com.google.errorprone.bugpatterns.threadsafety.ImmutableCheckerTest" time="0">
    <skipped message="b/25630186"/>
  </testcase>
  <testcase name="immutableUpperBoundAndContainerOfInconsistency" classname="com.google.errorprone.bugpatterns.threadsafety.ImmutableCheckerTest" time="0.123"/>
  <testcase name="deeplyImmutableArguments" classname="com.google.errorprone.bugpatterns.threadsafety.ImmutableCheckerTest" time="0.645"/>
  <testcase name="immutableInterfaceField" classname="com.google.errorprone.bugpatterns.threadsafety.ImmutableCheckerTest" time="0.116"/>
  <testcase name="transitive" classname="com.google.errorprone.bugpatterns.threadsafety.ImmutableCheckerTest" time="0.182"/>
  <testcase name="mutableInstantiation_extendsBound" classname="com.google.errorprone.bugpatterns.threadsafety.ImmutableCheckerTest" time="0.137"/>
  <testcase name="extendsImmutable" classname="com.google.errorprone.bugpatterns.threadsafety.ImmutableCheckerTest" time="0.116"/>
  <testcase name="immutableClassSuperTypeScope" classname="com.google.errorprone.bugpatterns.threadsafety.ImmutableCheckerTest" time="0.194"/>
  <testcase name="negativeAnonymous" classname="com.google.errorprone.bugpatterns.threadsafety.ImmutableCheckerTest" time="0.121"/>
  <testcase name="mutableInstantiation_superBound" classname="com.google.errorprone.bugpatterns.threadsafety.ImmutableCheckerTest" time="0.25"/>
  <testcase name="mutableNonFinalField" classname="com.google.errorprone.bugpatterns.threadsafety.ImmutableCheckerTest" time="0.12"/>
  <testcase name="containerOf_field" classname="com.google.errorprone.bugpatterns.threadsafety.ImmutableCheckerTest" time="0.203"/>
  <testcase name="immutableInterfaceImplementationCapturesMutableState" classname="com.google.errorprone.bugpatterns.threadsafety.ImmutableCheckerTest" time="0">
    <skipped message="b/77333859"/>
  </testcase>
  <testcase name="immutableNull" classname="com.google.errorprone.bugpatterns.threadsafety.ImmutableCheckerTest" time="0">
    <skipped/>
  </testcase>
  <testcase name="lazyInit" classname="com.google.errorprone.bugpatterns.threadsafety.ImmutableCheckerTest" time="0.118"/>
  <testcase name="mutableExtendsAnnotation" classname="com.google.errorprone.bugpatterns.threadsafety.ImmutableCheckerTest" time="0">
    <skipped message="b/25630189"/>
  </testcase>
  <testcase name="typeParameterWithImmutableBound" classname="com.google.errorprone.bugpatterns.threadsafety.ImmutableCheckerTest" time="0.227"/>
  <testcase name="basicFields" classname="com.google.errorprone.bugpatterns.threadsafety.ImmutableCheckerTest" time="0.137"/>
  <testcase name="positiveContainerOf" classname="com.google.errorprone.bugpatterns.threadsafety.ImmutableCheckerTest" time="0.193"/>
  <testcase name="superFieldSuppression" classname="com.google.errorprone.bugpatterns.threadsafety.ImmutableCheckerTest" time="0.146"/>
  <testcase name="mutableRawType" classname="com.google.errorprone.bugpatterns.threadsafety.ImmutableCheckerTest" time="0.221"/>
  <testcase name="enumsDefaultToImmutable" classname="com.google.errorprone.bugpatterns.threadsafety.ImmutableCheckerTest" time="0.123"/>
  <testcase name="suppressOnOneField" classname="com.google.errorprone.bugpatterns.threadsafety.ImmutableCheckerTest" time="0.12"/>
  <testcase name="twoFieldsInSource" classname="com.google.errorprone.bugpatterns.threadsafety.ImmutableCheckerTest" time="0.208"/>
  <testcase name="mutableEnclosing" classname="com.google.errorprone.bugpatterns.threadsafety.ImmutableCheckerTest" time="0.12"/>
  <testcase name="transitiveSuperSubstitutionMutable" classname="com.google.errorprone.bugpatterns.threadsafety.ImmutableCheckerTest" time="0.236"/>
  <testcase name="containerOf_extendsThreadSafe_interface" classname="com.google.errorprone.bugpatterns.threadsafety.ImmutableCheckerTest" time="0.117"/>
  <testcase name="positiveAnonymousInterface" classname="com.google.errorprone.bugpatterns.threadsafety.ImmutableCheckerTest" time="0.126"/>
  <testcase name="immutableInstantiation_extendsBound" classname="com.google.errorprone.bugpatterns.threadsafety.ImmutableCheckerTest" time="0.638"/>
  <testcase name="knownUnsafeFlag" classname="com.google.errorprone.bugpatterns.threadsafety.ImmutableCheckerTest" time="0.123"/>
  <testcase name="lazyInitMutable" classname="com.google.errorprone.bugpatterns.threadsafety.ImmutableCheckerTest" time="0.219"/>
  <testcase name="immutableTypeParameterUsage" classname="com.google.errorprone.bugpatterns.threadsafety.ImmutableCheckerTest" time="0.124"/>
  <testcase name="mutableInstantiation_wildcard" classname="com.google.errorprone.bugpatterns.threadsafety.ImmutableCheckerTest" time="0.245"/>
  <testcase name="containerOf_extendsImmutable" classname="com.google.errorprone.bugpatterns.threadsafety.ImmutableCheckerTest" time="0">
    <skipped message="http://b/72495910"/>
  </testcase>
  <testcase name="containerOf_extendsThreadSafe_nonContainer" classname="com.google.errorprone.bugpatterns.threadsafety.ImmutableCheckerTest" time="0.124"/>
  <testcase name="incompleteClassPath" classname="com.google.errorprone.bugpatterns.threadsafety.ImmutableCheckerTest" time="0.142"/>
  <testcase name="annotatedClassType" classname="com.google.errorprone.bugpatterns.threadsafety.ImmutableCheckerTest" time="0.336"/>
  <testcase name="containerOf_mutableInstantiation" classname="com.google.errorprone.bugpatterns.threadsafety.ImmutableCheckerTest" time="0.176"/>
  <testcase name="interfacesMutableByDefault" classname="com.google.errorprone.bugpatterns.threadsafety.ImmutableCheckerTest" time="0.238"/>
  <testcase name="positiveEnumConstant" classname="com.google.errorprone.bugpatterns.threadsafety.ImmutableCheckerTest" time="0.14"/>
  <testcase name="immutableTypeArgumentInstantiation" classname="com.google.errorprone.bugpatterns.threadsafety.ImmutableCheckerTest" time="0.203"/>
  <testcase name="ignoreStaticFields" classname="com.google.errorprone.bugpatterns.threadsafety.ImmutableCheckerTest" time="0.119"/>
  <testcase name="testImmutableListImplementation" classname="com.google.errorprone.bugpatterns.threadsafety.ImmutableCheckerTest" time="0.126"/>
  <testcase name="negativeAnonymousMutableBound" classname="com.google.errorprone.bugpatterns.threadsafety.ImmutableCheckerTest" time="0.21"/>
  <testcase name="interface_containerOf_mutable" classname="com.google.errorprone.bugpatterns.threadsafety.ImmutableCheckerTest" time="0.129"/>
  <testcase name="mutableInstantiation_inferredImmutableType" classname="com.google.errorprone.bugpatterns.threadsafety.ImmutableCheckerTest" time="0.219"/>
  <testcase name="immutableClassTypeScope" classname="com.google.errorprone.bugpatterns.threadsafety.ImmutableCheckerTest" time="0.121"/>
  <testcase name="mutableArray" classname="com.google.errorprone.bugpatterns.threadsafety.ImmutableCheckerTest" time="0.119"/>
  <testcase name="mutableField" classname="com.google.errorprone.bugpatterns.threadsafety.ImmutableCheckerTest" time="0.205"/>
  <testcase name="protosNotOnClasspath" classname="com.google.errorprone.bugpatterns.threadsafety.ImmutableCheckerTest" time="0.065"/>
  <testcase name="immutableTypeParameter_twoInstantiations" classname="com.google.errorprone.bugpatterns.threadsafety.ImmutableCheckerTest" time="0.608"/>
  <testcase name="mutableInstantiation" classname="com.google.errorprone.bugpatterns.threadsafety.ImmutableCheckerTest" time="0.15"/>
  <testcase name="annotationsDefaultToImmutable" classname="com.google.errorprone.bugpatterns.threadsafety.ImmutableCheckerTest" time="0.195"/>
  <testcase name="customImplementionsOfImplicitlyImmutableAnnotationsMustBeImmutable" classname="com.google.errorprone.bugpatterns.threadsafety.ImmutableCheckerTest" time="0">
    <skipped message="b/25630189"/>
  </testcase>
  <testcase name="immutableAnonymousTypeScope" classname="com.google.errorprone.bugpatterns.threadsafety.ImmutableCheckerTest" time="0.122"/>
  <testcase name="rawImpliesImmutable" classname="com.google.errorprone.bugpatterns.threadsafety.ImmutableCheckerTest" time="0.136"/>
  <testcase name="interface_containerOf_immutable" classname="com.google.errorprone.bugpatterns.threadsafety.ImmutableCheckerTest" time="0.205"/>
  <testcase name="rawClass" classname="com.google.errorprone.bugpatterns.threadsafety.ImmutableCheckerTest" time="0.124"/>
  <testcase name="mutableEnumMember" classname="com.google.errorprone.bugpatterns.threadsafety.ImmutableCheckerTest" time="0">
    <skipped message="b/25630186"/>
  </testcase>
  <testcase name="missingContainerOf" classname="com.google.errorprone.bugpatterns.threadsafety.ImmutableCheckerTest" time="0.223"/>
  <testcase name="annotationsAreImmutable" classname="com.google.errorprone.bugpatterns.threadsafety.ImmutableCheckerTest" time="0.12"/>
  <testcase name="immutableUpperBound" classname="com.google.errorprone.bugpatterns.threadsafety.ImmutableCheckerTest" time="0.255"/>
  <testcase name="annotatedImmutableInterfaces" classname="com.google.errorprone.bugpatterns.threadsafety.ImmutableCheckerTest" time="0.129"/>
  <testcase name="immutableRecursiveUpperBound_notImmutable" classname="com.google.errorprone.bugpatterns.threadsafety.ImmutableCheckerTest" time="0.211"/>
  <testcase name="positive" classname="com.google.errorprone.bugpatterns.threadsafety.ImmutableCheckerTest" time="0.117"/>
  <testcase name="containerOf_extendsThreadSafe" classname="com.google.errorprone.bugpatterns.threadsafety.ImmutableCheckerTest" time="0.117"/>
  <testcase name="negative" classname="com.google.errorprone.bugpatterns.threadsafety.ImmutableCheckerTest" time="0.195"/>
  <testcase name="negativeAnonymousBound" classname="com.google.errorprone.bugpatterns.threadsafety.ImmutableCheckerTest" time="0.135"/>
  <testcase name="immutableInstantiation_superBound" classname="com.google.errorprone.bugpatterns.threadsafety.ImmutableCheckerTest" time="0.327"/>
  <testcase name="containerOf_extendsThreadSafeContainerOf" classname="com.google.errorprone.bugpatterns.threadsafety.ImmutableCheckerTest" time="0.115"/>
  <testcase name="mutableTypeArgumentInstantiation" classname="com.google.errorprone.bugpatterns.threadsafety.ImmutableCheckerTest" time="0.198"/>
  <testcase name="immutableRecursiveUpperBound" classname="com.google.errorprone.bugpatterns.threadsafety.ImmutableCheckerTest" time="0.248"/>
  <testcase name="customAnnotationsMightBeMutable" classname="com.google.errorprone.bugpatterns.threadsafety.ImmutableCheckerTest" time="0.225"/>
  <testcase name="negativeEnumConstant" classname="com.google.errorprone.bugpatterns.threadsafety.ImmutableCheckerTest" time="0.32"/>
  <testcase name="knownImmutableFlag" classname="com.google.errorprone.bugpatterns.threadsafety.ImmutableCheckerTest" time="0.243"/>
  <testcase name="positiveAnonymous" classname="com.google.errorprone.bugpatterns.threadsafety.ImmutableCheckerTest" time="0.996"/>
  <testcase name="suppressOnField" classname="com.google.errorprone.bugpatterns.threadsafety.ImmutableCheckerTest" time="0.222"/>
  <testcase name="positiveImplicitContainerOf" classname="com.google.errorprone.bugpatterns.threadsafety.ImmutableCheckerTest" time="0.227"/>
  <testcase name="transitiveSuperSubstitutionImmutable" classname="com.google.errorprone.bugpatterns.threadsafety.ImmutableCheckerTest" time="0.373"/>
  <testcase name="mutableWildInstantiation" classname="com.google.errorprone.bugpatterns.threadsafety.ImmutableCheckerTest" time="0.268"/>
  <testcase name="extendsMutable" classname="com.google.errorprone.bugpatterns.threadsafety.ImmutableCheckerTest" time="0.247"/>
  <testcase name="immutableTypeParameterMutableClass" classname="com.google.errorprone.bugpatterns.threadsafety.ImmutableCheckerTest" time="0.243"/>
  <testcase name="enumsMayBeImmutable" classname="com.google.errorprone.bugpatterns.threadsafety.ImmutableCheckerTest" time="0.348"/>
  <testcase name="containerOf_noSuchType" classname="com.google.errorprone.bugpatterns.threadsafety.ImmutableCheckerTest" time="0.221"/>
  <testcase name="instantiationWithMutableType" classname="com.google.errorprone.bugpatterns.threadsafety.ImmutableCheckerTest" time="0.232"/>
  <testcase name="immutableTypeParameterInstantiation" classname="com.google.errorprone.bugpatterns.threadsafety.ImmutableCheckerTest" time="0.345"/>
  <testcase name="implementsInterface_containerOf" classname="com.google.errorprone.bugpatterns.threadsafety.ImmutableCheckerTest" time="0.211"/>
  <testcase name="customAnnotationsSubtype" classname="com.google.errorprone.bugpatterns.threadsafety.ImmutableCheckerTest" time="0.338"/>
</testsuite>